#
# There is insufficient memory for the Java Runtime Environment to continue.
# Native memory allocation (malloc) failed to allocate 12288 bytes for committing reserved memory.
# Possible reasons:
#   The system is out of physical RAM or swap space
#   In 32 bit mode, the process size limit was hit
# Possible solutions:
#   Reduce memory load on the system
#   Increase physical memory or swap space
#   Check if swap backing store is full
#   Use 64 bit Java on a 64 bit OS
#   Decrease Java heap size (-Xmx/-Xms)
#   Decrease number of Java threads
#   Decrease Java thread stack sizes (-Xss)
#   Set larger code cache with -XX:ReservedCodeCacheSize=
# This output file may be truncated or incomplete.
#
#  Out of Memory Error (os_linux.cpp:2822), pid=23379, tid=140536554919680
#
# JRE version: OpenJDK Runtime Environment (7.0_151-b01) (build 1.7.0_151-b01)
# Java VM: OpenJDK 64-Bit Server VM (24.151-b01 mixed mode linux-amd64 compressed oops)
# Derivative: IcedTea 2.6.11
# Distribution: Ubuntu 14.04 LTS, package 7u151-2.6.11-0ubuntu1.14.04.1
# Failed to write core dump. Core dumps have been disabled. To enable core dumping, try "ulimit -c unlimited" before starting Java again
#

---------------  T H R E A D  ---------------

Current thread (0x00007fd13803d000):  JavaThread "cling-33" [_thread_new, id=13189, stack(0x00007fd1375f1000,0x00007fd1376f2000)]

Stack: [0x00007fd1375f1000,0x00007fd1376f2000],  sp=0x00007fd1376f0be0,  free space=1022k
Native frames: (J=compiled Java code, j=interpreted, Vv=VM code, C=native code)
V  [libjvm.so+0x962b45]
V  [libjvm.so+0x49a474]
V  [libjvm.so+0x7da45b]
V  [libjvm.so+0x7d50ef]
V  [libjvm.so+0x7dadb0]
V  [libjvm.so+0x9156d6]
V  [libjvm.so+0x7d75c2]


---------------  P R O C E S S  ---------------

Java Threads: ( => current thread )
=>0x00007fd13803d000 JavaThread "cling-33" [_thread_new, id=13189, stack(0x00007fd1375f1000,0x00007fd1376f2000)]
  0x00007fd13c0bd800 JavaThread "cling-4" [_thread_in_native, id=23408, stack(0x00007fd137dfe000,0x00007fd137eff000)]
  0x00007fd140001000 JavaThread "Thread-3" [_thread_in_native, id=23407, stack(0x00007fd137eff000,0x00007fd138000000)]
  0x00007fd13c0a0800 JavaThread "server-timer" daemon [_thread_blocked, id=23404, stack(0x00007fd154272000,0x00007fd154373000)]
  0x00007fd13c09c000 JavaThread "cling-1" [_thread_in_Java, id=23403, stack(0x00007fd154373000,0x00007fd154474000)]
  0x00007fd15800a000 JavaThread "DestroyJavaVM" [_thread_blocked, id=23389, stack(0x00007fd161054000,0x00007fd161155000)]
  0x00007fd1580c4800 JavaThread "Service Thread" daemon [_thread_blocked, id=23398, stack(0x00007fd15cece000,0x00007fd15cfcf000)]
  0x00007fd1580c2000 JavaThread "C2 CompilerThread1" daemon [_thread_in_native, id=23397, stack(0x00007fd15cfcf000,0x00007fd15d0d0000)]
  0x00007fd1580c0000 JavaThread "C2 CompilerThread0" daemon [_thread_in_vm, id=23396, stack(0x00007fd15d0d0000,0x00007fd15d1d1000)]
  0x00007fd1580be000 JavaThread "Signal Dispatcher" daemon [_thread_blocked, id=23395, stack(0x00007fd15d1d1000,0x00007fd15d2d2000)]
  0x00007fd15809b000 JavaThread "Finalizer" daemon [_thread_blocked, id=23394, stack(0x00007fd15d45b000,0x00007fd15d55c000)]
  0x00007fd158099000 JavaThread "Reference Handler" daemon [_thread_blocked, id=23393, stack(0x00007fd15d55c000,0x00007fd15d65d000)]

Other Threads:
  0x00007fd158093000 VMThread [stack: 0x00007fd15d65d000,0x00007fd15d75e000] [id=23392]
  0x00007fd1580c8000 WatcherThread [stack: 0x00007fd15cdcd000,0x00007fd15cece000] [id=23399]

VM state:not at safepoint (normal execution)

VM Mutex/Monitor currently owned by a thread: None

Heap
 def new generation   total 4800K, used 730K [0x00000000d6800000, 0x00000000d6d30000, 0x00000000e0e00000)
  eden space 4288K,  16% used [0x00000000d6800000, 0x00000000d68b4510, 0x00000000d6c30000)
  from space 512K,   1% used [0x00000000d6c30000, 0x00000000d6c324e0, 0x00000000d6cb0000)
  to   space 512K,   0% used [0x00000000d6cb0000, 0x00000000d6cb0000, 0x00000000d6d30000)
 tenured generation   total 10624K, used 1744K [0x00000000e0e00000, 0x00000000e1860000, 0x00000000f5a00000)
   the space 10624K,  16% used [0x00000000e0e00000, 0x00000000e0fb4158, 0x00000000e0fb4200, 0x00000000e1860000)
 compacting perm gen  total 21248K, used 9213K [0x00000000f5a00000, 0x00000000f6ec0000, 0x0000000100000000)
   the space 21248K,  43% used [0x00000000f5a00000, 0x00000000f62ff690, 0x00000000f62ff800, 0x00000000f6ec0000)
No shared spaces configured.

Card table byte_map: [0x00007fd15db2a000,0x00007fd15dc77000] byte_map_base: 0x00007fd15d476000

Polling page: 0x00007fd161175000

Code Cache  [0x00007fd155000000, 0x00007fd155270000, 0x00007fd158000000)
 total_blobs=351 nmethods=78 adapters=226 free_code_cache=48586Kb largest_free_block=49732096

Compilation events (10 events):
Event: 3324.209 Thread 0x00007fd1580c2000   75             sun.net.httpserver.ServerImpl::access$700 (5 bytes)
Event: 3324.262 Thread 0x00007fd1580c2000 nmethod 75 0x00007fd15507ef10 code [0x00007fd15507f040, 0x00007fd15507f098]
Event: 3325.205 Thread 0x00007fd1580c0000   76             java.nio.channels.spi.AbstractSelector::isOpen (8 bytes)
Event: 3325.205 Thread 0x00007fd1580c2000   77             java.util.concurrent.atomic.AtomicBoolean::get (13 bytes)
Event: 3325.207 Thread 0x00007fd1580c2000 nmethod 77 0x00007fd155076310 code [0x00007fd155076440, 0x00007fd1550764b8]
Event: 3325.208 Thread 0x00007fd1580c0000 nmethod 76 0x00007fd155076090 code [0x00007fd1550761e0, 0x00007fd155076258]
Event: 3681.843 Thread 0x00007fd1580c2000   78             java.util.AbstractSet::<init> (5 bytes)
Event: 3685.476 Thread 0x00007fd1580c2000 nmethod 78 0x00007fd155075e90 code [0x00007fd155075fc0, 0x00007fd155076018]
Event: 6074.995 Thread 0x00007fd1580c0000   79             java.lang.AbstractStringBuilder::<init> (12 bytes)
Event: 6086.361 Thread 0x00007fd1580c0000 nmethod 79 0x00007fd155060f50 code [0x00007fd1550610a0, 0x00007fd155061198]

GC Heap History (8 events):
Event: 0.662 GC heap before
{Heap before GC invocations=0 (full 0):
 def new generation   total 4800K, used 4288K [0x00000000d6800000, 0x00000000d6d30000, 0x00000000e0e00000)
  eden space 4288K, 100% used [0x00000000d6800000, 0x00000000d6c30000, 0x00000000d6c30000)
  from space 512K,   0% used [0x00000000d6c30000, 0x00000000d6c30000, 0x00000000d6cb0000)
  to   space 512K,   0% used [0x00000000d6cb0000, 0x00000000d6cb0000, 0x00000000d6d30000)
 tenured generation   total 10624K, used 0K [0x00000000e0e00000, 0x00000000e1860000, 0x00000000f5a00000)
   the space 10624K,   0% used [0x00000000e0e00000, 0x00000000e0e00000, 0x00000000e0e00200, 0x00000000e1860000)
 compacting perm gen  total 21248K, used 6245K [0x00000000f5a00000, 0x00000000f6ec0000, 0x0000000100000000)
   the space 21248K,  29% used [0x00000000f5a00000, 0x00000000f6019410, 0x00000000f6019600, 0x00000000f6ec0000)
No shared spaces configured.
Event: 0.668 GC heap after
Heap after GC invocations=1 (full 0):
 def new generation   total 4800K, used 512K [0x00000000d6800000, 0x00000000d6d30000, 0x00000000e0e00000)
  eden space 4288K,   0% used [0x00000000d6800000, 0x00000000d6800000, 0x00000000d6c30000)
  from space 512K, 100% used [0x00000000d6cb0000, 0x00000000d6d30000, 0x00000000d6d30000)
  to   space 512K,   0% used [0x00000000d6c30000, 0x00000000d6c30000, 0x00000000d6cb0000)
 tenured generation   total 10624K, used 620K [0x00000000e0e00000, 0x00000000e1860000, 0x00000000f5a00000)
   the space 10624K,   5% used [0x00000000e0e00000, 0x00000000e0e9b2f8, 0x00000000e0e9b400, 0x00000000e1860000)
 compacting perm gen  total 21248K, used 6245K [0x00000000f5a00000, 0x00000000f6ec0000, 0x0000000100000000)
   the space 21248K,  29% used [0x00000000f5a00000, 0x00000000f6019410, 0x00000000f6019600, 0x00000000f6ec0000)
No shared spaces configured.
}
Event: 85.057 GC heap before
{Heap before GC invocations=1 (full 0):
 def new generation   total 4800K, used 4800K [0x00000000d6800000, 0x00000000d6d30000, 0x00000000e0e00000)
  eden space 4288K, 100% used [0x00000000d6800000, 0x00000000d6c30000, 0x00000000d6c30000)
  from space 512K, 100% used [0x00000000d6cb0000, 0x00000000d6d30000, 0x00000000d6d30000)
  to   space 512K,   0% used [0x00000000d6c30000, 0x00000000d6c30000, 0x00000000d6cb0000)
 tenured generation   total 10624K, used 620K [0x00000000e0e00000, 0x00000000e1860000, 0x00000000f5a00000)
   the space 10624K,   5% used [0x00000000e0e00000, 0x00000000e0e9b2f8, 0x00000000e0e9b400, 0x00000000e1860000)
 compacting perm gen  total 21248K, used 7235K [0x00000000f5a00000, 0x00000000f6ec0000, 0x0000000100000000)
   the space 21248K,  34% used [0x00000000f5a00000, 0x00000000f6110f88, 0x00000000f6111000, 0x00000000f6ec0000)
No shared spaces configured.
Event: 85.065 GC heap after
Heap after GC invocations=2 (full 0):
 def new generation   total 4800K, used 511K [0x00000000d6800000, 0x00000000d6d30000, 0x00000000e0e00000)
  eden space 4288K,   0% used [0x00000000d6800000, 0x00000000d6800000, 0x00000000d6c30000)
  from space 512K,  99% used [0x00000000d6c30000, 0x00000000d6cafff0, 0x00000000d6cb0000)
  to   space 512K,   0% used [0x00000000d6cb0000, 0x00000000d6cb0000, 0x00000000d6d30000)
 tenured generation   total 10624K, used 1226K [0x00000000e0e00000, 0x00000000e1860000, 0x00000000f5a00000)
   the space 10624K,  11% used [0x00000000e0e00000, 0x00000000e0f32a98, 0x00000000e0f32c00, 0x00000000e1860000)
 compacting perm gen  total 21248K, used 7235K [0x00000000f5a00000, 0x00000000f6ec0000, 0x0000000100000000)
   the space 21248K,  34% used [0x00000000f5a00000, 0x00000000f6110f88, 0x00000000f6111000, 0x00000000f6ec0000)
No shared spaces configured.
}
Event: 1720.731 GC heap before
{Heap before GC invocations=2 (full 0):
 def new generation   total 4800K, used 4799K [0x00000000d6800000, 0x00000000d6d30000, 0x00000000e0e00000)
  eden space 4288K, 100% used [0x00000000d6800000, 0x00000000d6c30000, 0x00000000d6c30000)
  from space 512K,  99% used [0x00000000d6c30000, 0x00000000d6cafff0, 0x00000000d6cb0000)
  to   space 512K,   0% used [0x00000000d6cb0000, 0x00000000d6cb0000, 0x00000000d6d30000)
 tenured generation   total 10624K, used 1226K [0x00000000e0e00000, 0x00000000e1860000, 0x00000000f5a00000)
   the space 10624K,  11% used [0x00000000e0e00000, 0x00000000e0f32a98, 0x00000000e0f32c00, 0x00000000e1860000)
 compacting perm gen  total 21248K, used 9178K [0x00000000f5a00000, 0x00000000f6ec0000, 0x0000000100000000)
   the space 21248K,  43% used [0x00000000f5a00000, 0x00000000f62f6840, 0x00000000f62f6a00, 0x00000000f6ec0000)
No shared spaces configured.
Event: 1720.735 GC heap after
Heap after GC invocations=3 (full 0):
 def new generation   total 4800K, used 383K [0x00000000d6800000, 0x00000000d6d30000, 0x00000000e0e00000)
  eden space 4288K,   0% used [0x00000000d6800000, 0x00000000d6800000, 0x00000000d6c30000)
  from space 512K,  74% used [0x00000000d6cb0000, 0x00000000d6d0ff38, 0x00000000d6d30000)
  to   space 512K,   0% used [0x00000000d6c30000, 0x00000000d6c30000, 0x00000000d6cb0000)
 tenured generation   total 10624K, used 1421K [0x00000000e0e00000, 0x00000000e1860000, 0x00000000f5a00000)
   the space 10624K,  13% used [0x00000000e0e00000, 0x00000000e0f63758, 0x00000000e0f63800, 0x00000000e1860000)
 compacting perm gen  total 21248K, used 9178K [0x00000000f5a00000, 0x00000000f6ec0000, 0x0000000100000000)
   the space 21248K,  43% used [0x00000000f5a00000, 0x00000000f62f6840, 0x00000000f62f6a00, 0x00000000f6ec0000)
No shared spaces configured.
}
Event: 4458.694 GC heap before
{Heap before GC invocations=3 (full 0):
 def new generation   total 4800K, used 4671K [0x00000000d6800000, 0x00000000d6d30000, 0x00000000e0e00000)
  eden space 4288K, 100% used [0x00000000d6800000, 0x00000000d6c30000, 0x00000000d6c30000)
  from space 512K,  74% used [0x00000000d6cb0000, 0x00000000d6d0ff38, 0x00000000d6d30000)
  to   space 512K,   0% used [0x00000000d6c30000, 0x00000000d6c30000, 0x00000000d6cb0000)
 tenured generation   total 10624K, used 1421K [0x00000000e0e00000, 0x00000000e1860000, 0x00000000f5a00000)
   the space 10624K,  13% used [0x00000000e0e00000, 0x00000000e0f63758, 0x00000000e0f63800, 0x00000000e1860000)
 compacting perm gen  total 21248K, used 9213K [0x00000000f5a00000, 0x00000000f6ec0000, 0x0000000100000000)
   the space 21248K,  43% used [0x00000000f5a00000, 0x00000000f62ff518, 0x00000000f62ff600, 0x00000000f6ec0000)
No shared spaces configured.
Event: 6066.519 GC heap after
Heap after GC invocations=4 (full 0):
 def new generation   total 4800K, used 9K [0x00000000d6800000, 0x00000000d6d30000, 0x00000000e0e00000)
  eden space 4288K,   0% used [0x00000000d6800000, 0x00000000d6800000, 0x00000000d6c30000)
  from space 512K,   1% used [0x00000000d6c30000, 0x00000000d6c324e0, 0x00000000d6cb0000)
  to   space 512K,   0% used [0x00000000d6cb0000, 0x00000000d6cb0000, 0x00000000d6d30000)
 tenured generation   total 10624K, used 1744K [0x00000000e0e00000, 0x00000000e1860000, 0x00000000f5a00000)
   the space 10624K,  16% used [0x00000000e0e00000, 0x00000000e0fb4158, 0x00000000e0fb4200, 0x00000000e1860000)
 compacting perm gen  total 21248K, used 9213K [0x00000000f5a00000, 0x00000000f6ec0000, 0x0000000100000000)
   the space 21248K,  43% used [0x00000000f5a00000, 0x00000000f62ff518, 0x00000000f62ff600, 0x00000000f6ec0000)
No shared spaces configured.
}

Deoptimization events (7 events):
Event: 0.364 Thread 0x00007fd158153800 Uncommon trap: reason=unstable_if action=reinterpret pc=0x00007fd155060bb8 method=java.util.Properties$LineReader.readLine()I @ 369
Event: 0.677 Thread 0x00007fd158153800 Uncommon trap: reason=unstable_if action=reinterpret pc=0x00007fd1550681cc method=java.lang.String.replace(CC)Ljava/lang/String; @ 26
Event: 0.703 Thread 0x00007fd158153800 Uncommon trap: reason=class_check action=maybe_recompile pc=0x00007fd155069220 method=java.lang.String.equals(Ljava/lang/Object;)Z @ 8
Event: 0.703 Thread 0x00007fd158153800 Uncommon trap: reason=class_check action=maybe_recompile pc=0x00007fd155069220 method=java.lang.String.equals(Ljava/lang/Object;)Z @ 8
Event: 0.721 Thread 0x00007fd158153800 Uncommon trap: reason=class_check action=maybe_recompile pc=0x00007fd155069220 method=java.lang.String.equals(Ljava/lang/Object;)Z @ 8
Event: 0.721 Thread 0x00007fd158153800 Uncommon trap: reason=class_check action=maybe_recompile pc=0x00007fd155069220 method=java.lang.String.equals(Ljava/lang/Object;)Z @ 8
Event: 902.722 Thread 0x00007fd14c005800 Uncommon trap: reason=unstable_if action=reinterpret pc=0x00007fd15507977c method=java.util.regex.Pattern$Start.match(Ljava/util/regex/Matcher;ILjava/lang/CharSequence;)Z @ 47

Internal exceptions (10 events):
Event: 86.862 Thread 0x00007fd140001000 Threw 0x00000000d6854978 at /build/openjdk-7-2nYvii/openjdk-7-7u151-2.6.11/build/openjdk/hotspot/src/share/vm/prims/jvm.cpp:1322
Event: 86.862 Thread 0x00007fd14c007800 Threw 0x00000000d6846ce0 at /build/openjdk-7-2nYvii/openjdk-7-7u151-2.6.11/build/openjdk/hotspot/src/share/vm/prims/jvm.cpp:1322
Event: 86.872 Thread 0x00007fd14c007800 Threw 0x00000000d6876730 at /build/openjdk-7-2nYvii/openjdk-7-7u151-2.6.11/build/openjdk/hotspot/src/share/vm/prims/jvm.cpp:1322
Event: 86.938 Thread 0x00007fd14c007800 Threw 0x00000000d6895550 at /build/openjdk-7-2nYvii/openjdk-7-7u151-2.6.11/build/openjdk/hotspot/src/share/vm/prims/jvm.cpp:1322
Event: 86.943 Thread 0x00007fd14c007800 Threw 0x00000000d68c4a70 at /build/openjdk-7-2nYvii/openjdk-7-7u151-2.6.11/build/openjdk/hotspot/src/share/vm/prims/jvm.cpp:1322
Event: 86.943 Thread 0x00007fd14c007800 Threw 0x00000000d68c9ae0 at /build/openjdk-7-2nYvii/openjdk-7-7u151-2.6.11/build/openjdk/hotspot/src/share/vm/prims/jvm.cpp:1322
Event: 86.944 Thread 0x00007fd14c007800 Threw 0x00000000d68d0498 at /build/openjdk-7-2nYvii/openjdk-7-7u151-2.6.11/build/openjdk/hotspot/src/share/vm/prims/jvm.cpp:1322
Event: 87.024 Thread 0x00007fd14c007800 Threw 0x00000000d692cb18 at /build/openjdk-7-2nYvii/openjdk-7-7u151-2.6.11/build/openjdk/hotspot/src/share/vm/prims/jvm.cpp:1322
Event: 3630.908 Thread 0x00007fd13c0bc800 Threw 0x00000000d6ba9658 at /build/openjdk-7-2nYvii/openjdk-7-7u151-2.6.11/build/openjdk/hotspot/src/share/vm/prims/jvm.cpp:2857
Event: 3658.141 Thread 0x00007fd13c0bc800 Threw 0x00000000d6bda5d0 at /build/openjdk-7-2nYvii/openjdk-7-7u151-2.6.11/build/openjdk/hotspot/src/share/vm/prims/jvm.cpp:1322

Events (10 events):
Event: 6070.036 Executing VM operation: GenCollectForAllocation done
Event: 6071.144 Executing VM operation: RevokeBias
Event: 6072.261 Executing VM operation: RevokeBias done
Event: 6072.261 Executing VM operation: RevokeBias
Event: 6072.419 Executing VM operation: RevokeBias done
Event: 6073.544 Thread 0x00007fd13803d000 Thread added: 0x00007fd13803d000
Event: 6135.345 Executing VM operation: RevokeBias
Event: 6135.345 Executing VM operation: RevokeBias done
Event: 6135.345 Thread 0x00007fd13803d000 Thread exited: 0x00007fd13803d000
Event: 7033.522 Thread 0x00007fd13803d000 Thread added: 0x00007fd13803d000


Dynamic libraries:
00400000-00401000 r-xp 00000000 ca:01 151530                             /usr/lib/jvm/java-7-openjdk-amd64/jre/bin/java
00600000-00601000 r--p 00000000 ca:01 151530                             /usr/lib/jvm/java-7-openjdk-amd64/jre/bin/java
00601000-00602000 rw-p 00001000 ca:01 151530                             /usr/lib/jvm/java-7-openjdk-amd64/jre/bin/java
01d14000-01d35000 rw-p 00000000 00:00 0                                  [heap]
d6800000-d6d30000 rw-p 00000000 00:00 0 
d6d30000-e0e00000 rw-p 00000000 00:00 0 
e0e00000-e1860000 rw-p 00000000 00:00 0 
e1860000-f5a00000 rw-p 00000000 00:00 0 
f5a00000-f6ec0000 rw-p 00000000 00:00 0 
f6ec0000-100000000 rw-p 00000000 00:00 0 
7fd1375f4000-7fd1376f2000 rw-p 00000000 00:00 0                          [stack:13189]
7fd1376f2000-7fd1376f5000 ---p 00000000 00:00 0 
7fd1376f5000-7fd1377f3000 rw-p 00000000 00:00 0 
7fd1377f3000-7fd1377f6000 ---p 00000000 00:00 0 
7fd1377f6000-7fd1378f4000 rw-p 00000000 00:00 0 
7fd1378f4000-7fd1378f7000 ---p 00000000 00:00 0 
7fd1378f7000-7fd1379f5000 rw-p 00000000 00:00 0 
7fd1379f5000-7fd1379fa000 r-xp 00000000 ca:01 396188                     /lib/x86_64-linux-gnu/libnss_dns-2.19.so
7fd1379fa000-7fd137bf9000 ---p 00005000 ca:01 396188                     /lib/x86_64-linux-gnu/libnss_dns-2.19.so
7fd137bf9000-7fd137bfa000 r--p 00004000 ca:01 396188                     /lib/x86_64-linux-gnu/libnss_dns-2.19.so
7fd137bfa000-7fd137bfb000 rw-p 00005000 ca:01 396188                     /lib/x86_64-linux-gnu/libnss_dns-2.19.so
7fd137bfb000-7fd137bfd000 r-xp 00000000 ca:01 408178                     /lib/x86_64-linux-gnu/libnss_mdns4_minimal.so.2
7fd137bfd000-7fd137dfc000 ---p 00002000 ca:01 408178                     /lib/x86_64-linux-gnu/libnss_mdns4_minimal.so.2
7fd137dfc000-7fd137dfd000 r--p 00001000 ca:01 408178                     /lib/x86_64-linux-gnu/libnss_mdns4_minimal.so.2
7fd137dfd000-7fd137dfe000 rw-p 00002000 ca:01 408178                     /lib/x86_64-linux-gnu/libnss_mdns4_minimal.so.2
7fd137dfe000-7fd137e01000 ---p 00000000 00:00 0 
7fd137e01000-7fd137eff000 rw-p 00000000 00:00 0                          [stack:23408]
7fd137eff000-7fd137f02000 ---p 00000000 00:00 0 
7fd137f02000-7fd138000000 rw-p 00000000 00:00 0                          [stack:23407]
7fd138000000-7fd13873c000 rw-p 00000000 00:00 0 
7fd13873c000-7fd13c000000 ---p 00000000 00:00 0 
7fd13c000000-7fd13c137000 rw-p 00000000 00:00 0 
7fd13c137000-7fd140000000 ---p 00000000 00:00 0 
7fd140000000-7fd14002c000 rw-p 00000000 00:00 0 
7fd14002c000-7fd144000000 ---p 00000000 00:00 0 
7fd144000000-7fd144392000 rw-p 00000000 00:00 0 
7fd144392000-7fd148000000 ---p 00000000 00:00 0 
7fd148000000-7fd148021000 rw-p 00000000 00:00 0 
7fd148021000-7fd14c000000 ---p 00000000 00:00 0 
7fd14c000000-7fd14c021000 rw-p 00000000 00:00 0 
7fd14c021000-7fd150000000 ---p 00000000 00:00 0 
7fd150000000-7fd150021000 rw-p 00000000 00:00 0 
7fd150021000-7fd154000000 ---p 00000000 00:00 0 
7fd154070000-7fd154073000 ---p 00000000 00:00 0 
7fd154073000-7fd154171000 rw-p 00000000 00:00 0 
7fd154171000-7fd154174000 ---p 00000000 00:00 0 
7fd154174000-7fd154272000 rw-p 00000000 00:00 0 
7fd154272000-7fd154275000 ---p 00000000 00:00 0 
7fd154275000-7fd154373000 rw-p 00000000 00:00 0                          [stack:23404]
7fd154373000-7fd154376000 ---p 00000000 00:00 0 
7fd154376000-7fd154474000 rw-p 00000000 00:00 0                          [stack:23403]
7fd154474000-7fd1544b1000 r-xp 00000000 ca:01 396200                     /lib/x86_64-linux-gnu/libpcre.so.3.13.1
7fd1544b1000-7fd1546b0000 ---p 0003d000 ca:01 396200                     /lib/x86_64-linux-gnu/libpcre.so.3.13.1
7fd1546b0000-7fd1546b1000 r--p 0003c000 ca:01 396200                     /lib/x86_64-linux-gnu/libpcre.so.3.13.1
7fd1546b1000-7fd1546b2000 rw-p 0003d000 ca:01 396200                     /lib/x86_64-linux-gnu/libpcre.so.3.13.1
7fd1546b2000-7fd1546b9000 r-xp 00000000 ca:01 8067                       /usr/lib/x86_64-linux-gnu/libffi.so.6.0.1
7fd1546b9000-7fd1548b8000 ---p 00007000 ca:01 8067                       /usr/lib/x86_64-linux-gnu/libffi.so.6.0.1
7fd1548b8000-7fd1548b9000 r--p 00006000 ca:01 8067                       /usr/lib/x86_64-linux-gnu/libffi.so.6.0.1
7fd1548b9000-7fd1548ba000 rw-p 00007000 ca:01 8067                       /usr/lib/x86_64-linux-gnu/libffi.so.6.0.1
7fd1548ba000-7fd1548d1000 r-xp 00000000 ca:01 396210                     /lib/x86_64-linux-gnu/libresolv-2.19.so
7fd1548d1000-7fd154ad1000 ---p 00017000 ca:01 396210                     /lib/x86_64-linux-gnu/libresolv-2.19.so
7fd154ad1000-7fd154ad2000 r--p 00017000 ca:01 396210                     /lib/x86_64-linux-gnu/libresolv-2.19.so
7fd154ad2000-7fd154ad3000 rw-p 00018000 ca:01 396210                     /lib/x86_64-linux-gnu/libresolv-2.19.so
7fd154ad3000-7fd154ad5000 rw-p 00000000 00:00 0 
7fd154ad5000-7fd154af5000 r-xp 00000000 ca:01 396212                     /lib/x86_64-linux-gnu/libselinux.so.1
7fd154af5000-7fd154cf4000 ---p 00020000 ca:01 396212                     /lib/x86_64-linux-gnu/libselinux.so.1
7fd154cf4000-7fd154cf5000 r--p 0001f000 ca:01 396212                     /lib/x86_64-linux-gnu/libselinux.so.1
7fd154cf5000-7fd154cf6000 rw-p 00020000 ca:01 396212                     /lib/x86_64-linux-gnu/libselinux.so.1
7fd154cf6000-7fd154cf8000 rw-p 00000000 00:00 0 
7fd154cf8000-7fd154dfe000 r-xp 00000000 ca:01 396171                     /lib/x86_64-linux-gnu/libglib-2.0.so.0.4002.0
7fd154dfe000-7fd154ffd000 ---p 00106000 ca:01 396171                     /lib/x86_64-linux-gnu/libglib-2.0.so.0.4002.0
7fd154ffd000-7fd154ffe000 r--p 00105000 ca:01 396171                     /lib/x86_64-linux-gnu/libglib-2.0.so.0.4002.0
7fd154ffe000-7fd154fff000 rw-p 00106000 ca:01 396171                     /lib/x86_64-linux-gnu/libglib-2.0.so.0.4002.0
7fd154fff000-7fd155000000 rw-p 00000000 00:00 0 
7fd155000000-7fd155270000 rwxp 00000000 00:00 0 
7fd155270000-7fd15815f000 rw-p 00000000 00:00 0 
7fd15815f000-7fd15c000000 ---p 00000000 00:00 0 
7fd15c0be000-7fd15c0c1000 r-xp 00000000 ca:01 8079                       /usr/lib/x86_64-linux-gnu/libgmodule-2.0.so.0.4002.0
7fd15c0c1000-7fd15c2c0000 ---p 00003000 ca:01 8079                       /usr/lib/x86_64-linux-gnu/libgmodule-2.0.so.0.4002.0
7fd15c2c0000-7fd15c2c1000 r--p 00002000 ca:01 8079                       /usr/lib/x86_64-linux-gnu/libgmodule-2.0.so.0.4002.0
7fd15c2c1000-7fd15c2c2000 rw-p 00003000 ca:01 8079                       /usr/lib/x86_64-linux-gnu/libgmodule-2.0.so.0.4002.0
7fd15c2c2000-7fd15c311000 r-xp 00000000 ca:01 8083                       /usr/lib/x86_64-linux-gnu/libgobject-2.0.so.0.4002.0
7fd15c311000-7fd15c511000 ---p 0004f000 ca:01 8083                       /usr/lib/x86_64-linux-gnu/libgobject-2.0.so.0.4002.0
7fd15c511000-7fd15c512000 r--p 0004f000 ca:01 8083                       /usr/lib/x86_64-linux-gnu/libgobject-2.0.so.0.4002.0
7fd15c512000-7fd15c513000 rw-p 00050000 ca:01 8083                       /usr/lib/x86_64-linux-gnu/libgobject-2.0.so.0.4002.0
7fd15c513000-7fd15c67f000 r-xp 00000000 ca:01 8078                       /usr/lib/x86_64-linux-gnu/libgio-2.0.so.0.4002.0
7fd15c67f000-7fd15c87e000 ---p 0016c000 ca:01 8078                       /usr/lib/x86_64-linux-gnu/libgio-2.0.so.0.4002.0
7fd15c87e000-7fd15c882000 r--p 0016b000 ca:01 8078                       /usr/lib/x86_64-linux-gnu/libgio-2.0.so.0.4002.0
7fd15c882000-7fd15c884000 rw-p 0016f000 ca:01 8078                       /usr/lib/x86_64-linux-gnu/libgio-2.0.so.0.4002.0
7fd15c884000-7fd15c886000 rw-p 00000000 00:00 0 
7fd15c898000-7fd15c8a2000 r--s 000ae000 ca:01 151534                     /usr/lib/jvm/java-7-openjdk-amd64/jre/lib/resources.jar
7fd15c8a2000-7fd15c8b9000 r-xp 00000000 ca:01 151581                     /usr/lib/jvm/java-7-openjdk-amd64/jre/lib/amd64/libnet.so
7fd15c8b9000-7fd15cab8000 ---p 00017000 ca:01 151581                     /usr/lib/jvm/java-7-openjdk-amd64/jre/lib/amd64/libnet.so
7fd15cab8000-7fd15cab9000 r--p 00016000 ca:01 151581                     /usr/lib/jvm/java-7-openjdk-amd64/jre/lib/amd64/libnet.so
7fd15cab9000-7fd15caba000 rw-p 00017000 ca:01 151581                     /usr/lib/jvm/java-7-openjdk-amd64/jre/lib/amd64/libnet.so
7fd15caba000-7fd15caca000 r-xp 00000000 ca:01 151585                     /usr/lib/jvm/java-7-openjdk-amd64/jre/lib/amd64/libnio.so
7fd15caca000-7fd15ccca000 ---p 00010000 ca:01 151585                     /usr/lib/jvm/java-7-openjdk-amd64/jre/lib/amd64/libnio.so
7fd15ccca000-7fd15cccb000 r--p 00010000 ca:01 151585                     /usr/lib/jvm/java-7-openjdk-amd64/jre/lib/amd64/libnio.so
7fd15cccb000-7fd15cccc000 rw-p 00011000 ca:01 151585                     /usr/lib/jvm/java-7-openjdk-amd64/jre/lib/amd64/libnio.so
7fd15cccc000-7fd15cccf000 ---p 00000000 00:00 0 
7fd15cccf000-7fd15cdcd000 rw-p 00000000 00:00 0 
7fd15cdcd000-7fd15cdce000 ---p 00000000 00:00 0 
7fd15cdce000-7fd15cece000 rw-p 00000000 00:00 0                          [stack:23399]
7fd15cece000-7fd15ced1000 ---p 00000000 00:00 0 
7fd15ced1000-7fd15cfcf000 rw-p 00000000 00:00 0                          [stack:23398]
7fd15cfcf000-7fd15cfd2000 ---p 00000000 00:00 0 
7fd15cfd2000-7fd15d0d0000 rw-p 00000000 00:00 0                          [stack:23397]
7fd15d0d0000-7fd15d0d3000 ---p 00000000 00:00 0 
7fd15d0d3000-7fd15d1d1000 rw-p 00000000 00:00 0                          [stack:23396]
7fd15d1d1000-7fd15d1d4000 ---p 00000000 00:00 0 
7fd15d1d4000-7fd15d2d2000 rw-p 00000000 00:00 0                          [stack:23395]
7fd15d2d2000-7fd15d45b000 r--p 00000000 ca:01 1567                       /usr/lib/locale/locale-archive
7fd15d45b000-7fd15d45e000 ---p 00000000 00:00 0 
7fd15d45e000-7fd15d55c000 rw-p 00000000 00:00 0                          [stack:23394]
7fd15d55c000-7fd15d55f000 ---p 00000000 00:00 0 
7fd15d55f000-7fd15d65d000 rw-p 00000000 00:00 0                          [stack:23393]
7fd15d65d000-7fd15d65e000 ---p 00000000 00:00 0 
7fd15d65e000-7fd15d7a8000 rw-p 00000000 00:00 0                          [stack:23392]
7fd15d7a8000-7fd15d95e000 r--s 01d63000 ca:01 151537                     /usr/lib/jvm/java-7-openjdk-amd64/jre/lib/rt.jar
7fd15d95e000-7fd15da3a000 rw-p 00000000 00:00 0 
7fd15da3a000-7fd15da83000 rw-p 00000000 00:00 0 
7fd15da83000-7fd15da89000 rw-p 00000000 00:00 0 
7fd15da89000-7fd15db2a000 rw-p 00000000 00:00 0 
7fd15db2a000-7fd15db2d000 rw-p 00000000 00:00 0 
7fd15db2d000-7fd15db7d000 rw-p 00000000 00:00 0 
7fd15db7d000-7fd15db83000 rw-p 00000000 00:00 0 
7fd15db83000-7fd15dc23000 rw-p 00000000 00:00 0 
7fd15dc23000-7fd15dc2e000 rw-p 00000000 00:00 0 
7fd15dc2e000-7fd15dc76000 rw-p 00000000 00:00 0 
7fd15dc76000-7fd15dc77000 rw-p 00000000 00:00 0 
7fd15dc77000-7fd15dc7f000 r-xp 00000000 ca:01 151595                     /usr/lib/jvm/java-7-openjdk-amd64/jre/lib/amd64/libzip.so
7fd15dc7f000-7fd15de7e000 ---p 00008000 ca:01 151595                     /usr/lib/jvm/java-7-openjdk-amd64/jre/lib/amd64/libzip.so
7fd15de7e000-7fd15de7f000 r--p 00007000 ca:01 151595                     /usr/lib/jvm/java-7-openjdk-amd64/jre/lib/amd64/libzip.so
7fd15de7f000-7fd15de80000 rw-p 00008000 ca:01 151595                     /usr/lib/jvm/java-7-openjdk-amd64/jre/lib/amd64/libzip.so
7fd15de80000-7fd15de8a000 r-xp 00000000 ca:01 396189                     /lib/x86_64-linux-gnu/libnss_files-2.19.so
7fd15de8a000-7fd15e089000 ---p 0000a000 ca:01 396189                     /lib/x86_64-linux-gnu/libnss_files-2.19.so
7fd15e089000-7fd15e08a000 r--p 00009000 ca:01 396189                     /lib/x86_64-linux-gnu/libnss_files-2.19.so
7fd15e08a000-7fd15e08b000 rw-p 0000a000 ca:01 396189                     /lib/x86_64-linux-gnu/libnss_files-2.19.so
7fd15e08b000-7fd15e096000 r-xp 00000000 ca:01 396191                     /lib/x86_64-linux-gnu/libnss_nis-2.19.so
7fd15e096000-7fd15e295000 ---p 0000b000 ca:01 396191                     /lib/x86_64-linux-gnu/libnss_nis-2.19.so
7fd15e295000-7fd15e296000 r--p 0000a000 ca:01 396191                     /lib/x86_64-linux-gnu/libnss_nis-2.19.so
7fd15e296000-7fd15e297000 rw-p 0000b000 ca:01 396191                     /lib/x86_64-linux-gnu/libnss_nis-2.19.so
7fd15e297000-7fd15e2ae000 r-xp 00000000 ca:01 396186                     /lib/x86_64-linux-gnu/libnsl-2.19.so
7fd15e2ae000-7fd15e4ad000 ---p 00017000 ca:01 396186                     /lib/x86_64-linux-gnu/libnsl-2.19.so
7fd15e4ad000-7fd15e4ae000 r--p 00016000 ca:01 396186                     /lib/x86_64-linux-gnu/libnsl-2.19.so
7fd15e4ae000-7fd15e4af000 rw-p 00017000 ca:01 396186                     /lib/x86_64-linux-gnu/libnsl-2.19.so
7fd15e4af000-7fd15e4b1000 rw-p 00000000 00:00 0 
7fd15e4b1000-7fd15e4ba000 r-xp 00000000 ca:01 396187                     /lib/x86_64-linux-gnu/libnss_compat-2.19.so
7fd15e4ba000-7fd15e6b9000 ---p 00009000 ca:01 396187                     /lib/x86_64-linux-gnu/libnss_compat-2.19.so
7fd15e6b9000-7fd15e6ba000 r--p 00008000 ca:01 396187                     /lib/x86_64-linux-gnu/libnss_compat-2.19.so
7fd15e6ba000-7fd15e6bb000 rw-p 00009000 ca:01 396187                     /lib/x86_64-linux-gnu/libnss_compat-2.19.so
7fd15e6bb000-7fd15e6e5000 r-xp 00000000 ca:01 151580                     /usr/lib/jvm/java-7-openjdk-amd64/jre/lib/amd64/libjava.so
7fd15e6e5000-7fd15e8e5000 ---p 0002a000 ca:01 151580                     /usr/lib/jvm/java-7-openjdk-amd64/jre/lib/amd64/libjava.so
7fd15e8e5000-7fd15e8e6000 r--p 0002a000 ca:01 151580                     /usr/lib/jvm/java-7-openjdk-amd64/jre/lib/amd64/libjava.so
7fd15e8e6000-7fd15e8e8000 rw-p 0002b000 ca:01 151580                     /usr/lib/jvm/java-7-openjdk-amd64/jre/lib/amd64/libjava.so
7fd15e8e8000-7fd15e8f8000 r-xp 00000000 ca:01 151573                     /usr/lib/jvm/java-7-openjdk-amd64/jre/lib/amd64/libverify.so
7fd15e8f8000-7fd15eaf7000 ---p 00010000 ca:01 151573                     /usr/lib/jvm/java-7-openjdk-amd64/jre/lib/amd64/libverify.so
7fd15eaf7000-7fd15eaf9000 r--p 0000f000 ca:01 151573                     /usr/lib/jvm/java-7-openjdk-amd64/jre/lib/amd64/libverify.so
7fd15eaf9000-7fd15eafa000 rw-p 00011000 ca:01 151573                     /usr/lib/jvm/java-7-openjdk-amd64/jre/lib/amd64/libverify.so
7fd15eafa000-7fd15eb01000 r-xp 00000000 ca:01 396211                     /lib/x86_64-linux-gnu/librt-2.19.so
7fd15eb01000-7fd15ed00000 ---p 00007000 ca:01 396211                     /lib/x86_64-linux-gnu/librt-2.19.so
7fd15ed00000-7fd15ed01000 r--p 00006000 ca:01 396211                     /lib/x86_64-linux-gnu/librt-2.19.so
7fd15ed01000-7fd15ed02000 rw-p 00007000 ca:01 396211                     /lib/x86_64-linux-gnu/librt-2.19.so
7fd15ed02000-7fd15ed18000 r-xp 00000000 ca:01 396169                     /lib/x86_64-linux-gnu/libgcc_s.so.1
7fd15ed18000-7fd15ef17000 ---p 00016000 ca:01 396169                     /lib/x86_64-linux-gnu/libgcc_s.so.1
7fd15ef17000-7fd15ef18000 rw-p 00015000 ca:01 396169                     /lib/x86_64-linux-gnu/libgcc_s.so.1
7fd15ef18000-7fd15f01d000 r-xp 00000000 ca:01 396178                     /lib/x86_64-linux-gnu/libm-2.19.so
7fd15f01d000-7fd15f21c000 ---p 00105000 ca:01 396178                     /lib/x86_64-linux-gnu/libm-2.19.so
7fd15f21c000-7fd15f21d000 r--p 00104000 ca:01 396178                     /lib/x86_64-linux-gnu/libm-2.19.so
7fd15f21d000-7fd15f21e000 rw-p 00105000 ca:01 396178                     /lib/x86_64-linux-gnu/libm-2.19.so
7fd15f21e000-7fd15f304000 r-xp 00000000 ca:01 8131                       /usr/lib/x86_64-linux-gnu/libstdc++.so.6.0.19
7fd15f304000-7fd15f503000 ---p 000e6000 ca:01 8131                       /usr/lib/x86_64-linux-gnu/libstdc++.so.6.0.19
7fd15f503000-7fd15f50b000 r--p 000e5000 ca:01 8131                       /usr/lib/x86_64-linux-gnu/libstdc++.so.6.0.19
7fd15f50b000-7fd15f50d000 rw-p 000ed000 ca:01 8131                       /usr/lib/x86_64-linux-gnu/libstdc++.so.6.0.19
7fd15f50d000-7fd15f522000 rw-p 00000000 00:00 0 
7fd15f522000-7fd160056000 r-xp 00000000 ca:01 151584                     /usr/lib/jvm/java-7-openjdk-amd64/jre/lib/amd64/server/libjvm.so
7fd160056000-7fd160256000 ---p 00b34000 ca:01 151584                     /usr/lib/jvm/java-7-openjdk-amd64/jre/lib/amd64/server/libjvm.so
7fd160256000-7fd1602f1000 r--p 00b34000 ca:01 151584                     /usr/lib/jvm/java-7-openjdk-amd64/jre/lib/amd64/server/libjvm.so
7fd1602f1000-7fd160314000 rw-p 00bcf000 ca:01 151584                     /usr/lib/jvm/java-7-openjdk-amd64/jre/lib/amd64/server/libjvm.so
7fd160314000-7fd160344000 rw-p 00000000 00:00 0 
7fd160344000-7fd16035c000 r-xp 00000000 ca:01 396228                     /lib/x86_64-linux-gnu/libz.so.1.2.8
7fd16035c000-7fd16055b000 ---p 00018000 ca:01 396228                     /lib/x86_64-linux-gnu/libz.so.1.2.8
7fd16055b000-7fd16055c000 r--p 00017000 ca:01 396228                     /lib/x86_64-linux-gnu/libz.so.1.2.8
7fd16055c000-7fd16055d000 rw-p 00018000 ca:01 396228                     /lib/x86_64-linux-gnu/libz.so.1.2.8
7fd16055d000-7fd160576000 r-xp 00000000 ca:01 396208                     /lib/x86_64-linux-gnu/libpthread-2.19.so
7fd160576000-7fd160775000 ---p 00019000 ca:01 396208                     /lib/x86_64-linux-gnu/libpthread-2.19.so
7fd160775000-7fd160776000 r--p 00018000 ca:01 396208                     /lib/x86_64-linux-gnu/libpthread-2.19.so
7fd160776000-7fd160777000 rw-p 00019000 ca:01 396208                     /lib/x86_64-linux-gnu/libpthread-2.19.so
7fd160777000-7fd16077b000 rw-p 00000000 00:00 0 
7fd16077b000-7fd16077e000 r-xp 00000000 ca:01 396164                     /lib/x86_64-linux-gnu/libdl-2.19.so
7fd16077e000-7fd16097d000 ---p 00003000 ca:01 396164                     /lib/x86_64-linux-gnu/libdl-2.19.so
7fd16097d000-7fd16097e000 r--p 00002000 ca:01 396164                     /lib/x86_64-linux-gnu/libdl-2.19.so
7fd16097e000-7fd16097f000 rw-p 00003000 ca:01 396164                     /lib/x86_64-linux-gnu/libdl-2.19.so
7fd16097f000-7fd160b3d000 r-xp 00000000 ca:01 396155                     /lib/x86_64-linux-gnu/libc-2.19.so
7fd160b3d000-7fd160d3d000 ---p 001be000 ca:01 396155                     /lib/x86_64-linux-gnu/libc-2.19.so
7fd160d3d000-7fd160d41000 r--p 001be000 ca:01 396155                     /lib/x86_64-linux-gnu/libc-2.19.so
7fd160d41000-7fd160d43000 rw-p 001c2000 ca:01 396155                     /lib/x86_64-linux-gnu/libc-2.19.so
7fd160d43000-7fd160d48000 rw-p 00000000 00:00 0 
7fd160d48000-7fd160d55000 r-xp 00000000 ca:01 151564                     /usr/lib/jvm/java-7-openjdk-amd64/jre/lib/amd64/jli/libjli.so
7fd160d55000-7fd160f54000 ---p 0000d000 ca:01 151564                     /usr/lib/jvm/java-7-openjdk-amd64/jre/lib/amd64/jli/libjli.so
7fd160f54000-7fd160f55000 r--p 0000c000 ca:01 151564                     /usr/lib/jvm/java-7-openjdk-amd64/jre/lib/amd64/jli/libjli.so
7fd160f55000-7fd160f56000 rw-p 0000d000 ca:01 151564                     /usr/lib/jvm/java-7-openjdk-amd64/jre/lib/amd64/jli/libjli.so
7fd160f56000-7fd160f79000 r-xp 00000000 ca:01 396144                     /lib/x86_64-linux-gnu/ld-2.19.so
7fd160f7d000-7fd160f81000 r--s 00050000 ca:01 151603                     /usr/lib/jvm/java-7-openjdk-amd64/jre/lib/jsse.jar
7fd160f81000-7fd160f90000 r--s 000b4000 ca:01 305836                     /home/ubuntu/gabriel/server/gabriel/lib/gabriel_upnp_server.jar
7fd160f90000-7fd160f94000 r--s 00085000 ca:01 151598                     /usr/lib/jvm/java-7-openjdk-amd64/jre/lib/ext/localedata.jar
7fd160f94000-7fd160f9e000 rw-p 00000000 00:00 0 
7fd160f9e000-7fd161054000 rw-p 00000000 00:00 0 
7fd161054000-7fd161057000 ---p 00000000 00:00 0 
7fd161057000-7fd16115a000 rw-p 00000000 00:00 0                          [stack:23389]
7fd16115c000-7fd16115d000 rw-p 00000000 00:00 0 
7fd16115d000-7fd161161000 r--s 00034000 ca:01 151601                     /usr/lib/jvm/java-7-openjdk-amd64/jre/lib/ext/sunjce_provider.jar
7fd161161000-7fd161163000 r--s 00006000 ca:01 28547                      /usr/share/java/java-atk-wrapper.jar
7fd161163000-7fd161165000 r--s 00012000 ca:01 151599                     /usr/lib/jvm/java-7-openjdk-amd64/jre/lib/ext/zipfs.jar
7fd161165000-7fd161168000 r--s 0000f000 ca:01 151600                     /usr/lib/jvm/java-7-openjdk-amd64/jre/lib/ext/icedtea-sound.jar
7fd161168000-7fd16116b000 r--s 0003d000 ca:01 151597                     /usr/lib/jvm/java-7-openjdk-amd64/jre/lib/ext/sunpkcs11.jar
7fd16116b000-7fd16116c000 r--s 00002000 ca:01 151596                     /usr/lib/jvm/java-7-openjdk-amd64/jre/lib/ext/dnsns.jar
7fd16116c000-7fd161174000 rw-s 00000000 ca:01 656063                     /tmp/hsperfdata_ubuntu/23379
7fd161174000-7fd161175000 rw-p 00000000 00:00 0 
7fd161175000-7fd161176000 r--p 00000000 00:00 0 
7fd161176000-7fd161178000 rw-p 00000000 00:00 0 
7fd161178000-7fd161179000 r--p 00022000 ca:01 396144                     /lib/x86_64-linux-gnu/ld-2.19.so
7fd161179000-7fd16117a000 rw-p 00023000 ca:01 396144                     /lib/x86_64-linux-gnu/ld-2.19.so
7fd16117a000-7fd16117b000 rw-p 00000000 00:00 0 
7ffc60d94000-7ffc60db5000 rw-p 00000000 00:00 0                          [stack]
7ffc60ddb000-7ffc60ddd000 r-xp 00000000 00:00 0                          [vdso]
ffffffffff600000-ffffffffff601000 r-xp 00000000 00:00 0                  [vsyscall]

VM Arguments:
java_command: /home/ubuntu/gabriel/server/gabriel/lib/gabriel_upnp_server.jar
Launcher Type: SUN_STANDARD

Environment Variables:
PATH=/usr/local/sbin:/usr/local/bin:/usr/sbin:/usr/bin:/sbin:/bin:/usr/games:/usr/local/games
SHELL=/bin/bash
DISPLAY=localhost:10.0

Signal Handlers:
SIGSEGV: [libjvm.so+0x963630], sa_mask[0]=0x7ffbfeff, sa_flags=0x10000004
SIGBUS: [libjvm.so+0x963630], sa_mask[0]=0x7ffbfeff, sa_flags=0x10000004
SIGFPE: [libjvm.so+0x7d5da0], sa_mask[0]=0x7ffbfeff, sa_flags=0x10000004
SIGPIPE: [libjvm.so+0x7d5da0], sa_mask[0]=0x7ffbfeff, sa_flags=0x10000004
SIGXFSZ: [libjvm.so+0x7d5da0], sa_mask[0]=0x7ffbfeff, sa_flags=0x10000004
SIGILL: [libjvm.so+0x7d5da0], sa_mask[0]=0x7ffbfeff, sa_flags=0x10000004
SIGUSR1: SIG_DFL, sa_mask[0]=0x00000000, sa_flags=0x00000000
SIGUSR2: [libjvm.so+0x7d5ed0], sa_mask[0]=0x00000000, sa_flags=0x10000004
SIGHUP: [libjvm.so+0x7d5e20], sa_mask[0]=0x7ffbfeff, sa_flags=0x10000004
SIGINT: [libjvm.so+0x7d5e20], sa_mask[0]=0x7ffbfeff, sa_flags=0x10000004
SIGTERM: [libjvm.so+0x7d5e20], sa_mask[0]=0x7ffbfeff, sa_flags=0x10000004
SIGQUIT: [libjvm.so+0x7d5e20], sa_mask[0]=0x7ffbfeff, sa_flags=0x10000004
SIGTRAP: SIG_DFL, sa_mask[0]=0x00000000, sa_flags=0x00000000


---------------  S Y S T E M  ---------------

OS:Ubuntu 14.04 (trusty)
uname:Linux 3.13.0-125-generic #174-Ubuntu SMP Mon Jul 10 18:51:24 UTC 2017 x86_64
libc:glibc 2.19 NPTL 2.19 
rlimit: STACK 8192k, CORE 0k, NPROC 7828, NOFILE 4096, AS infinity
load average:20.30 17.22 15.95

/proc/meminfo:
MemTotal:        1016284 kB
MemFree:           77132 kB
Buffers:            1628 kB
Cached:            34828 kB
SwapCached:            0 kB
Active:           821480 kB
Inactive:          35024 kB
Active(anon):     820764 kB
Inactive(anon):    13208 kB
Active(file):        716 kB
Inactive(file):    21816 kB
Unevictable:           0 kB
Mlocked:               0 kB
SwapTotal:             0 kB
SwapFree:              0 kB
Dirty:                52 kB
Writeback:             0 kB
AnonPages:        820084 kB
Mapped:            20580 kB
Shmem:             13888 kB
Slab:              37684 kB
SReclaimable:      15624 kB
SUnreclaim:        22060 kB
KernelStack:        3224 kB
PageTables:        25972 kB
NFS_Unstable:          0 kB
Bounce:                0 kB
WritebackTmp:          0 kB
CommitLimit:      508140 kB
Committed_AS:    2794584 kB
VmallocTotal:   34359738367 kB
VmallocUsed:        4960 kB
VmallocChunk:   34359725244 kB
HardwareCorrupted:     0 kB
AnonHugePages:    188416 kB
HugePages_Total:       0
HugePages_Free:        0
HugePages_Rsvd:        0
HugePages_Surp:        0
Hugepagesize:       2048 kB
DirectMap4k:       38912 kB
DirectMap2M:     1140736 kB


CPU:total 1 (initial active 1) (1 cores per cpu, 1 threads per core) family 6 model 63 stepping 2, cmov, cx8, fxsr, mmx, sse, sse2, sse3, ssse3, sse4.1, sse4.2, popcnt, avx, avx2, aes, erms, tsc

/proc/cpuinfo:
processor	: 0
vendor_id	: GenuineIntel
cpu family	: 6
model		: 63
model name	: Intel(R) Xeon(R) CPU E5-2676 v3 @ 2.40GHz
stepping	: 2
microcode	: 0x36
cpu MHz		: 2400.092
cache size	: 30720 KB
physical id	: 0
siblings	: 1
core id		: 0
cpu cores	: 1
apicid		: 0
initial apicid	: 0
fpu		: yes
fpu_exception	: yes
cpuid level	: 13
wp		: yes
flags		: fpu vme de pse tsc msr pae mce cx8 apic sep mtrr pge mca cmov pat pse36 clflush mmx fxsr sse sse2 ht syscall nx rdtscp lm constant_tsc rep_good nopl xtopology eagerfpu pni pclmulqdq ssse3 fma cx16 pcid sse4_1 sse4_2 x2apic movbe popcnt tsc_deadline_timer aes xsave avx f16c rdrand hypervisor lahf_lm abm xsaveopt fsgsbase bmi1 avx2 smep bmi2 erms invpcid
bogomips	: 4800.18
clflush size	: 64
cache_alignment	: 64
address sizes	: 46 bits physical, 48 bits virtual
power management:



Memory: 4k page, physical 1016284k(77132k free), swap 0k(0k free)

vm_info: OpenJDK 64-Bit Server VM (24.151-b01) for linux-amd64 JRE (1.7.0_151-b01), built on Aug 15 2017 05:35:24 by "buildd" with gcc 4.8.4

time: Sat Aug 26 07:14:10 2017
elapsed time: 7125 seconds

