#
# There is insufficient memory for the Java Runtime Environment to continue.
# Native memory allocation (malloc) failed to allocate 12288 bytes for committing reserved memory.
# Possible reasons:
#   The system is out of physical RAM or swap space
#   In 32 bit mode, the process size limit was hit
# Possible solutions:
#   Reduce memory load on the system
#   Increase physical memory or swap space
#   Check if swap backing store is full
#   Use 64 bit Java on a 64 bit OS
#   Decrease Java heap size (-Xmx/-Xms)
#   Decrease number of Java threads
#   Decrease Java thread stack sizes (-Xss)
#   Set larger code cache with -XX:ReservedCodeCacheSize=
# This output file may be truncated or incomplete.
#
#  Out of Memory Error (os_linux.cpp:2822), pid=2610, tid=140491504928512
#
# JRE version: OpenJDK Runtime Environment (7.0_151-b01) (build 1.7.0_151-b01)
# Java VM: OpenJDK 64-Bit Server VM (24.151-b01 mixed mode linux-amd64 compressed oops)
# Derivative: IcedTea 2.6.11
# Distribution: Ubuntu 14.04 LTS, package 7u151-2.6.11-0ubuntu1.14.04.1
# Failed to write core dump. Core dumps have been disabled. To enable core dumping, try "ulimit -c unlimited" before starting Java again
#

---------------  T H R E A D  ---------------

Current thread (0x00007fc6bc082000):  JavaThread "cling-77" [_thread_new, id=20814, stack(0x00007fc6ba2ec000,0x00007fc6ba3ed000)]

Stack: [0x00007fc6ba2ec000,0x00007fc6ba3ed000],  sp=0x00007fc6ba3ebbe0,  free space=1022k
Native frames: (J=compiled Java code, j=interpreted, Vv=VM code, C=native code)
V  [libjvm.so+0x962b45]
V  [libjvm.so+0x49a474]
V  [libjvm.so+0x7da45b]
V  [libjvm.so+0x7d50ef]
V  [libjvm.so+0x7dadb0]
V  [libjvm.so+0x9156d6]
V  [libjvm.so+0x7d75c2]


---------------  P R O C E S S  ---------------

Java Threads: ( => current thread )
=>0x00007fc6bc082000 JavaThread "cling-77" [_thread_new, id=20814, stack(0x00007fc6ba2ec000,0x00007fc6ba3ed000)]
  0x00007fc6c00bd800 JavaThread "cling-4" [_thread_in_native, id=2637, stack(0x00007fc6ba8f7000,0x00007fc6ba9f8000)]
  0x00007fc6c4001000 JavaThread "Thread-3" [_thread_blocked, id=2636, stack(0x00007fc6ba9f8000,0x00007fc6baaf9000)]
  0x00007fc6c00bc800 JavaThread "cling-3" [_thread_in_native, id=2635, stack(0x00007fc6baaf9000,0x00007fc6babfa000)]
  0x00007fc6c0095000 JavaThread "server-timer" daemon [_thread_blocked, id=2633, stack(0x00007fc6bacfb000,0x00007fc6badfc000)]
  0x00007fc6c009c000 JavaThread "cling-1" [_thread_blocked, id=2632, stack(0x00007fc6badfc000,0x00007fc6baefd000)]
  0x00007fc6dc00a000 JavaThread "DestroyJavaVM" [_thread_blocked, id=2620, stack(0x00007fc6e3b88000,0x00007fc6e3c89000)]
  0x00007fc6dc0c4800 JavaThread "Service Thread" daemon [_thread_blocked, id=2629, stack(0x00007fc6d8972000,0x00007fc6d8a73000)]
  0x00007fc6dc0c2000 JavaThread "C2 CompilerThread1" daemon [_thread_blocked, id=2628, stack(0x00007fc6d8a73000,0x00007fc6d8b74000)]
  0x00007fc6dc0c0000 JavaThread "C2 CompilerThread0" daemon [_thread_blocked, id=2627, stack(0x00007fc6d8b74000,0x00007fc6d8c75000)]
  0x00007fc6dc0be000 JavaThread "Signal Dispatcher" daemon [_thread_blocked, id=2626, stack(0x00007fc6d8c75000,0x00007fc6d8d76000)]
  0x00007fc6dc09b000 JavaThread "Finalizer" daemon [_thread_blocked, id=2625, stack(0x00007fc6d8eff000,0x00007fc6d9000000)]
  0x00007fc6dc099000 JavaThread "Reference Handler" daemon [_thread_blocked, id=2624, stack(0x00007fc6e008a000,0x00007fc6e018b000)]

Other Threads:
  0x00007fc6dc093000 VMThread [stack: 0x00007fc6e018b000,0x00007fc6e028c000] [id=2623]
  0x00007fc6dc0c8000 WatcherThread [stack: 0x00007fc6d8871000,0x00007fc6d8972000] [id=2630]

VM state:synchronizing (normal execution)

VM Mutex/Monitor currently owned by a thread:  ([mutex/lock_event])
[0x00007fc6dc006290] Safepoint_lock - owner thread: 0x00007fc6dc093000
[0x00007fc6dc006310] Threads_lock - owner thread: 0x00007fc6dc093000

Heap
 def new generation   total 4800K, used 3048K [0x00000000d6800000, 0x00000000d6d30000, 0x00000000e0e00000)
  eden space 4288K,  70% used [0x00000000d6800000, 0x00000000d6af4e78, 0x00000000d6c30000)
  from space 512K,   4% used [0x00000000d6cb0000, 0x00000000d6cb5388, 0x00000000d6d30000)
  to   space 512K,   0% used [0x00000000d6c30000, 0x00000000d6c30000, 0x00000000d6cb0000)
 tenured generation   total 10624K, used 1733K [0x00000000e0e00000, 0x00000000e1860000, 0x00000000f5a00000)
   the space 10624K,  16% used [0x00000000e0e00000, 0x00000000e0fb1630, 0x00000000e0fb1800, 0x00000000e1860000)
 compacting perm gen  total 21248K, used 9247K [0x00000000f5a00000, 0x00000000f6ec0000, 0x0000000100000000)
   the space 21248K,  43% used [0x00000000f5a00000, 0x00000000f6307d98, 0x00000000f6307e00, 0x00000000f6ec0000)
No shared spaces configured.

Card table byte_map: [0x00007fc6e0658000,0x00007fc6e07a5000] byte_map_base: 0x00007fc6dffa4000

Polling page: 0x00007fc6e3ca3000

Code Cache  [0x00007fc6d9000000, 0x00007fc6d9270000, 0x00007fc6dc000000)
 total_blobs=396 nmethods=123 adapters=226 free_code_cache=48482Kb largest_free_block=49620480

Compilation events (10 events):
Event: 10620.009 Thread 0x00007fc6dc0c0000  123             java.util.HashMap::put (142 bytes)
Event: 10620.026 Thread 0x00007fc6dc0c0000 nmethod 123 0x00007fc6d90a5650 code [0x00007fc6d90a5860, 0x00007fc6d90a5f50]
Event: 10812.990 Thread 0x00007fc6dc0c2000  124             java.lang.CharacterDataLatin1::isWhitespace (23 bytes)
Event: 10812.991 Thread 0x00007fc6dc0c2000 nmethod 124 0x00007fc6d90a53d0 code [0x00007fc6d90a5500, 0x00007fc6d90a5598]
Event: 11072.011 Thread 0x00007fc6dc0c2000  125             java.util.ArrayList::size (5 bytes)
Event: 11072.012 Thread 0x00007fc6dc0c2000 nmethod 125 0x00007fc6d90a51d0 code [0x00007fc6d90a5300, 0x00007fc6d90a5358]
Event: 11501.120 Thread 0x00007fc6dc0c2000  126             java.util.ArrayList::access$100 (5 bytes)
Event: 11514.019 Thread 0x00007fc6dc0c2000 nmethod 126 0x00007fc6d90a4f50 code [0x00007fc6d90a5080, 0x00007fc6d90a50d8]
Event: 11548.806 Thread 0x00007fc6dc0c0000  127             java.util.ArrayList$Itr::hasNext (20 bytes)
Event: 11553.622 Thread 0x00007fc6dc0c0000 nmethod 127 0x00007fc6d90a4850 code [0x00007fc6d90a4980, 0x00007fc6d90a49f8]

GC Heap History (10 events):
Event: 1530.555 GC heap before
{Heap before GC invocations=2 (full 0):
 def new generation   total 4800K, used 4799K [0x00000000d6800000, 0x00000000d6d30000, 0x00000000e0e00000)
  eden space 4288K, 100% used [0x00000000d6800000, 0x00000000d6c30000, 0x00000000d6c30000)
  from space 512K,  99% used [0x00000000d6c30000, 0x00000000d6cafff0, 0x00000000d6cb0000)
  to   space 512K,   0% used [0x00000000d6cb0000, 0x00000000d6cb0000, 0x00000000d6d30000)
 tenured generation   total 10624K, used 1217K [0x00000000e0e00000, 0x00000000e1860000, 0x00000000f5a00000)
   the space 10624K,  11% used [0x00000000e0e00000, 0x00000000e0f307a0, 0x00000000e0f30800, 0x00000000e1860000)
 compacting perm gen  total 21248K, used 9172K [0x00000000f5a00000, 0x00000000f6ec0000, 0x0000000100000000)
   the space 21248K,  43% used [0x00000000f5a00000, 0x00000000f62f5320, 0x00000000f62f5400, 0x00000000f6ec0000)
No shared spaces configured.
Event: 1530.559 GC heap after
Heap after GC invocations=3 (full 0):
 def new generation   total 4800K, used 392K [0x00000000d6800000, 0x00000000d6d30000, 0x00000000e0e00000)
  eden space 4288K,   0% used [0x00000000d6800000, 0x00000000d6800000, 0x00000000d6c30000)
  from space 512K,  76% used [0x00000000d6cb0000, 0x00000000d6d12098, 0x00000000d6d30000)
  to   space 512K,   0% used [0x00000000d6c30000, 0x00000000d6c30000, 0x00000000d6cb0000)
 tenured generation   total 10624K, used 1408K [0x00000000e0e00000, 0x00000000e1860000, 0x00000000f5a00000)
   the space 10624K,  13% used [0x00000000e0e00000, 0x00000000e0f60260, 0x00000000e0f60400, 0x00000000e1860000)
 compacting perm gen  total 21248K, used 9172K [0x00000000f5a00000, 0x00000000f6ec0000, 0x0000000100000000)
   the space 21248K,  43% used [0x00000000f5a00000, 0x00000000f62f5320, 0x00000000f62f5400, 0x00000000f6ec0000)
No shared spaces configured.
}
Event: 3515.341 GC heap before
{Heap before GC invocations=3 (full 0):
 def new generation   total 4800K, used 4680K [0x00000000d6800000, 0x00000000d6d30000, 0x00000000e0e00000)
  eden space 4288K, 100% used [0x00000000d6800000, 0x00000000d6c30000, 0x00000000d6c30000)
  from space 512K,  76% used [0x00000000d6cb0000, 0x00000000d6d12098, 0x00000000d6d30000)
  to   space 512K,   0% used [0x00000000d6c30000, 0x00000000d6c30000, 0x00000000d6cb0000)
 tenured generation   total 10624K, used 1408K [0x00000000e0e00000, 0x00000000e1860000, 0x00000000f5a00000)
   the space 10624K,  13% used [0x00000000e0e00000, 0x00000000e0f60260, 0x00000000e0f60400, 0x00000000e1860000)
 compacting perm gen  total 21248K, used 9202K [0x00000000f5a00000, 0x00000000f6ec0000, 0x0000000100000000)
   the space 21248K,  43% used [0x00000000f5a00000, 0x00000000f62fcab0, 0x00000000f62fcc00, 0x00000000f6ec0000)
No shared spaces configured.
Event: 3515.343 GC heap after
Heap after GC invocations=4 (full 0):
 def new generation   total 4800K, used 43K [0x00000000d6800000, 0x00000000d6d30000, 0x00000000e0e00000)
  eden space 4288K,   0% used [0x00000000d6800000, 0x00000000d6800000, 0x00000000d6c30000)
  from space 512K,   8% used [0x00000000d6c30000, 0x00000000d6c3ace0, 0x00000000d6cb0000)
  to   space 512K,   0% used [0x00000000d6cb0000, 0x00000000d6cb0000, 0x00000000d6d30000)
 tenured generation   total 10624K, used 1733K [0x00000000e0e00000, 0x00000000e1860000, 0x00000000f5a00000)
   the space 10624K,  16% used [0x00000000e0e00000, 0x00000000e0fb1630, 0x00000000e0fb1800, 0x00000000e1860000)
 compacting perm gen  total 21248K, used 9202K [0x00000000f5a00000, 0x00000000f6ec0000, 0x0000000100000000)
   the space 21248K,  43% used [0x00000000f5a00000, 0x00000000f62fcab0, 0x00000000f62fcc00, 0x00000000f6ec0000)
No shared spaces configured.
}
Event: 5406.308 GC heap before
{Heap before GC invocations=4 (full 0):
 def new generation   total 4800K, used 4331K [0x00000000d6800000, 0x00000000d6d30000, 0x00000000e0e00000)
  eden space 4288K, 100% used [0x00000000d6800000, 0x00000000d6c30000, 0x00000000d6c30000)
  from space 512K,   8% used [0x00000000d6c30000, 0x00000000d6c3ace0, 0x00000000d6cb0000)
  to   space 512K,   0% used [0x00000000d6cb0000, 0x00000000d6cb0000, 0x00000000d6d30000)
 tenured generation   total 10624K, used 1733K [0x00000000e0e00000, 0x00000000e1860000, 0x00000000f5a00000)
   the space 10624K,  16% used [0x00000000e0e00000, 0x00000000e0fb1630, 0x00000000e0fb1800, 0x00000000e1860000)
 compacting perm gen  total 21248K, used 9221K [0x00000000f5a00000, 0x00000000f6ec0000, 0x0000000100000000)
   the space 21248K,  43% used [0x00000000f5a00000, 0x00000000f63016c0, 0x00000000f6301800, 0x00000000f6ec0000)
No shared spaces configured.
Event: 5406.309 GC heap after
Heap after GC invocations=5 (full 0):
 def new generation   total 4800K, used 13K [0x00000000d6800000, 0x00000000d6d30000, 0x00000000e0e00000)
  eden space 4288K,   0% used [0x00000000d6800000, 0x00000000d6800000, 0x00000000d6c30000)
  from space 512K,   2% used [0x00000000d6cb0000, 0x00000000d6cb3498, 0x00000000d6d30000)
  to   space 512K,   0% used [0x00000000d6c30000, 0x00000000d6c30000, 0x00000000d6cb0000)
 tenured generation   total 10624K, used 1733K [0x00000000e0e00000, 0x00000000e1860000, 0x00000000f5a00000)
   the space 10624K,  16% used [0x00000000e0e00000, 0x00000000e0fb1630, 0x00000000e0fb1800, 0x00000000e1860000)
 compacting perm gen  total 21248K, used 9221K [0x00000000f5a00000, 0x00000000f6ec0000, 0x0000000100000000)
   the space 21248K,  43% used [0x00000000f5a00000, 0x00000000f63016c0, 0x00000000f6301800, 0x00000000f6ec0000)
No shared spaces configured.
}
Event: 7374.540 GC heap before
{Heap before GC invocations=5 (full 0):
 def new generation   total 4800K, used 4301K [0x00000000d6800000, 0x00000000d6d30000, 0x00000000e0e00000)
  eden space 4288K, 100% used [0x00000000d6800000, 0x00000000d6c30000, 0x00000000d6c30000)
  from space 512K,   2% used [0x00000000d6cb0000, 0x00000000d6cb3498, 0x00000000d6d30000)
  to   space 512K,   0% used [0x00000000d6c30000, 0x00000000d6c30000, 0x00000000d6cb0000)
 tenured generation   total 10624K, used 1733K [0x00000000e0e00000, 0x00000000e1860000, 0x00000000f5a00000)
   the space 10624K,  16% used [0x00000000e0e00000, 0x00000000e0fb1630, 0x00000000e0fb1800, 0x00000000e1860000)
 compacting perm gen  total 21248K, used 9235K [0x00000000f5a00000, 0x00000000f6ec0000, 0x0000000100000000)
   the space 21248K,  43% used [0x00000000f5a00000, 0x00000000f6304e98, 0x00000000f6305000, 0x00000000f6ec0000)
No shared spaces configured.
Event: 7374.540 GC heap after
Heap after GC invocations=6 (full 0):
 def new generation   total 4800K, used 12K [0x00000000d6800000, 0x00000000d6d30000, 0x00000000e0e00000)
  eden space 4288K,   0% used [0x00000000d6800000, 0x00000000d6800000, 0x00000000d6c30000)
  from space 512K,   2% used [0x00000000d6c30000, 0x00000000d6c331f8, 0x00000000d6cb0000)
  to   space 512K,   0% used [0x00000000d6cb0000, 0x00000000d6cb0000, 0x00000000d6d30000)
 tenured generation   total 10624K, used 1733K [0x00000000e0e00000, 0x00000000e1860000, 0x00000000f5a00000)
   the space 10624K,  16% used [0x00000000e0e00000, 0x00000000e0fb1630, 0x00000000e0fb1800, 0x00000000e1860000)
 compacting perm gen  total 21248K, used 9235K [0x00000000f5a00000, 0x00000000f6ec0000, 0x0000000100000000)
   the space 21248K,  43% used [0x00000000f5a00000, 0x00000000f6304e98, 0x00000000f6305000, 0x00000000f6ec0000)
No shared spaces configured.
}
Event: 9912.175 GC heap before
{Heap before GC invocations=6 (full 0):
 def new generation   total 4800K, used 4300K [0x00000000d6800000, 0x00000000d6d30000, 0x00000000e0e00000)
  eden space 4288K, 100% used [0x00000000d6800000, 0x00000000d6c30000, 0x00000000d6c30000)
  from space 512K,   2% used [0x00000000d6c30000, 0x00000000d6c331f8, 0x00000000d6cb0000)
  to   space 512K,   0% used [0x00000000d6cb0000, 0x00000000d6cb0000, 0x00000000d6d30000)
 tenured generation   total 10624K, used 1733K [0x00000000e0e00000, 0x00000000e1860000, 0x00000000f5a00000)
   the space 10624K,  16% used [0x00000000e0e00000, 0x00000000e0fb1630, 0x00000000e0fb1800, 0x00000000e1860000)
 compacting perm gen  total 21248K, used 9240K [0x00000000f5a00000, 0x00000000f6ec0000, 0x0000000100000000)
   the space 21248K,  43% used [0x00000000f5a00000, 0x00000000f6306278, 0x00000000f6306400, 0x00000000f6ec0000)
No shared spaces configured.
Event: 9912.176 GC heap after
Heap after GC invocations=7 (full 0):
 def new generation   total 4800K, used 20K [0x00000000d6800000, 0x00000000d6d30000, 0x00000000e0e00000)
  eden space 4288K,   0% used [0x00000000d6800000, 0x00000000d6800000, 0x00000000d6c30000)
  from space 512K,   4% used [0x00000000d6cb0000, 0x00000000d6cb5388, 0x00000000d6d30000)
  to   space 512K,   0% used [0x00000000d6c30000, 0x00000000d6c30000, 0x00000000d6cb0000)
 tenured generation   total 10624K, used 1733K [0x00000000e0e00000, 0x00000000e1860000, 0x00000000f5a00000)
   the space 10624K,  16% used [0x00000000e0e00000, 0x00000000e0fb1630, 0x00000000e0fb1800, 0x00000000e1860000)
 compacting perm gen  total 21248K, used 9240K [0x00000000f5a00000, 0x00000000f6ec0000, 0x0000000100000000)
   the space 21248K,  43% used [0x00000000f5a00000, 0x00000000f6306278, 0x00000000f6306400, 0x00000000f6ec0000)
No shared spaces configured.
}

Deoptimization events (8 events):
Event: 0.329 Thread 0x00007fc6dc163800 Uncommon trap: reason=unstable_if action=reinterpret pc=0x00007fc6d9060bb8 method=java.util.Properties$LineReader.readLine()I @ 369
Event: 0.593 Thread 0x00007fc6dc163800 Uncommon trap: reason=unstable_if action=reinterpret pc=0x00007fc6d90681cc method=java.lang.String.replace(CC)Ljava/lang/String; @ 26
Event: 0.620 Thread 0x00007fc6dc163800 Uncommon trap: reason=class_check action=maybe_recompile pc=0x00007fc6d9069220 method=java.lang.String.equals(Ljava/lang/Object;)Z @ 8
Event: 0.620 Thread 0x00007fc6dc163800 Uncommon trap: reason=class_check action=maybe_recompile pc=0x00007fc6d9069220 method=java.lang.String.equals(Ljava/lang/Object;)Z @ 8
Event: 0.635 Thread 0x00007fc6dc163800 Uncommon trap: reason=class_check action=maybe_recompile pc=0x00007fc6d9069220 method=java.lang.String.equals(Ljava/lang/Object;)Z @ 8
Event: 0.635 Thread 0x00007fc6dc163800 Uncommon trap: reason=class_check action=maybe_recompile pc=0x00007fc6d9069220 method=java.lang.String.equals(Ljava/lang/Object;)Z @ 8
Event: 901.646 Thread 0x00007fc6d0002000 Uncommon trap: reason=unstable_if action=reinterpret pc=0x00007fc6d907a73c method=java.util.regex.Pattern$Start.match(Ljava/util/regex/Matcher;ILjava/lang/CharSequence;)Z @ 47
Event: 5888.852 Thread 0x00007fc6c00bc800 Uncommon trap: reason=unstable_if action=reinterpret pc=0x00007fc6d907f388 method=java.io.ByteArrayInputStream.read()I @ 8

Internal exceptions (10 events):
Event: 57.727 Thread 0x00007fc6d0003800 Threw 0x00000000d6836cf8 at /build/openjdk-7-2nYvii/openjdk-7-7u151-2.6.11/build/openjdk/hotspot/src/share/vm/prims/jvm.cpp:1322
Event: 57.728 Thread 0x00007fc6d0003800 Threw 0x00000000d683b298 at /build/openjdk-7-2nYvii/openjdk-7-7u151-2.6.11/build/openjdk/hotspot/src/share/vm/prims/jvm.cpp:1322
Event: 57.790 Thread 0x00007fc6c4001000 Threw 0x00000000d68654b8 at /build/openjdk-7-2nYvii/openjdk-7-7u151-2.6.11/build/openjdk/hotspot/src/share/vm/prims/jvm.cpp:1322
Event: 57.791 Thread 0x00007fc6d0003800 Threw 0x00000000d6871a20 at /build/openjdk-7-2nYvii/openjdk-7-7u151-2.6.11/build/openjdk/hotspot/src/share/vm/prims/jvm.cpp:1322
Event: 57.799 Thread 0x00007fc6d0003800 Threw 0x00000000d688b5f8 at /build/openjdk-7-2nYvii/openjdk-7-7u151-2.6.11/build/openjdk/hotspot/src/share/vm/prims/jvm.cpp:1322
Event: 57.851 Thread 0x00007fc6d0003800 Threw 0x00000000d68ba628 at /build/openjdk-7-2nYvii/openjdk-7-7u151-2.6.11/build/openjdk/hotspot/src/share/vm/prims/jvm.cpp:1322
Event: 57.856 Thread 0x00007fc6d0003800 Threw 0x00000000d68d9de0 at /build/openjdk-7-2nYvii/openjdk-7-7u151-2.6.11/build/openjdk/hotspot/src/share/vm/prims/jvm.cpp:1322
Event: 57.856 Thread 0x00007fc6d0003800 Threw 0x00000000d68def20 at /build/openjdk-7-2nYvii/openjdk-7-7u151-2.6.11/build/openjdk/hotspot/src/share/vm/prims/jvm.cpp:1322
Event: 57.857 Thread 0x00007fc6d0003800 Threw 0x00000000d68e5860 at /build/openjdk-7-2nYvii/openjdk-7-7u151-2.6.11/build/openjdk/hotspot/src/share/vm/prims/jvm.cpp:1322
Event: 57.935 Thread 0x00007fc6d0003800 Threw 0x00000000d6941f18 at /build/openjdk-7-2nYvii/openjdk-7-7u151-2.6.11/build/openjdk/hotspot/src/share/vm/prims/jvm.cpp:1322

Events (10 events):
Event: 10873.143 Executing VM operation: RevokeBias
Event: 10873.143 Executing VM operation: RevokeBias done
Event: 10873.143 Thread 0x00007fc6d0006800 Thread exited: 0x00007fc6d0006800
Event: 10873.295 Executing VM operation: BulkRevokeBias
Event: 10873.295 Executing VM operation: BulkRevokeBias done
Event: 10873.295 Thread 0x00007fc6d0003800 Thread exited: 0x00007fc6d0003800
Event: 10873.295 Thread 0x00007fc6d000c800 Thread exited: 0x00007fc6d000c800
Event: 10873.295 Thread 0x00007fc6d000d800 Thread exited: 0x00007fc6d000d800
Event: 10873.444 Thread 0x00007fc6bc082000 Thread exited: 0x00007fc6bc082000
Event: 11719.618 Thread 0x00007fc6bc082000 Thread added: 0x00007fc6bc082000


Dynamic libraries:
00400000-00401000 r-xp 00000000 ca:01 151530                             /usr/lib/jvm/java-7-openjdk-amd64/jre/bin/java
00600000-00601000 r--p 00000000 ca:01 151530                             /usr/lib/jvm/java-7-openjdk-amd64/jre/bin/java
00601000-00602000 rw-p 00001000 ca:01 151530                             /usr/lib/jvm/java-7-openjdk-amd64/jre/bin/java
00d32000-00da1000 rw-p 00000000 00:00 0                                  [heap]
d6800000-d6d30000 rw-p 00000000 00:00 0 
d6d30000-e0e00000 rw-p 00000000 00:00 0 
e0e00000-e1860000 rw-p 00000000 00:00 0 
e1860000-f5a00000 rw-p 00000000 00:00 0 
f5a00000-f6ec0000 rw-p 00000000 00:00 0 
f6ec0000-100000000 rw-p 00000000 00:00 0 
7fc6ba1eb000-7fc6ba1ee000 ---p 00000000 00:00 0 
7fc6ba1ee000-7fc6ba2ec000 rw-p 00000000 00:00 0 
7fc6ba2ef000-7fc6ba3ed000 rw-p 00000000 00:00 0                          [stack:20814]
7fc6ba3ed000-7fc6ba3f0000 ---p 00000000 00:00 0 
7fc6ba3f0000-7fc6ba4ee000 rw-p 00000000 00:00 0 
7fc6ba4ee000-7fc6ba4f3000 r-xp 00000000 ca:01 396188                     /lib/x86_64-linux-gnu/libnss_dns-2.19.so
7fc6ba4f3000-7fc6ba6f2000 ---p 00005000 ca:01 396188                     /lib/x86_64-linux-gnu/libnss_dns-2.19.so
7fc6ba6f2000-7fc6ba6f3000 r--p 00004000 ca:01 396188                     /lib/x86_64-linux-gnu/libnss_dns-2.19.so
7fc6ba6f3000-7fc6ba6f4000 rw-p 00005000 ca:01 396188                     /lib/x86_64-linux-gnu/libnss_dns-2.19.so
7fc6ba6f4000-7fc6ba6f6000 r-xp 00000000 ca:01 408178                     /lib/x86_64-linux-gnu/libnss_mdns4_minimal.so.2
7fc6ba6f6000-7fc6ba8f5000 ---p 00002000 ca:01 408178                     /lib/x86_64-linux-gnu/libnss_mdns4_minimal.so.2
7fc6ba8f5000-7fc6ba8f6000 r--p 00001000 ca:01 408178                     /lib/x86_64-linux-gnu/libnss_mdns4_minimal.so.2
7fc6ba8f6000-7fc6ba8f7000 rw-p 00002000 ca:01 408178                     /lib/x86_64-linux-gnu/libnss_mdns4_minimal.so.2
7fc6ba8f7000-7fc6ba8fa000 ---p 00000000 00:00 0 
7fc6ba8fa000-7fc6ba9f8000 rw-p 00000000 00:00 0                          [stack:2637]
7fc6ba9f8000-7fc6ba9fb000 ---p 00000000 00:00 0 
7fc6ba9fb000-7fc6baaf9000 rw-p 00000000 00:00 0                          [stack:2636]
7fc6baaf9000-7fc6baafc000 ---p 00000000 00:00 0 
7fc6baafc000-7fc6babfa000 rw-p 00000000 00:00 0                          [stack:2635]
7fc6babfa000-7fc6babfd000 ---p 00000000 00:00 0 
7fc6babfd000-7fc6bacfb000 rw-p 00000000 00:00 0 
7fc6bacfb000-7fc6bacfe000 ---p 00000000 00:00 0 
7fc6bacfe000-7fc6badfc000 rw-p 00000000 00:00 0                          [stack:2633]
7fc6badfc000-7fc6badff000 ---p 00000000 00:00 0 
7fc6badff000-7fc6baefd000 rw-p 00000000 00:00 0                          [stack:2632]
7fc6baefd000-7fc6baf3a000 r-xp 00000000 ca:01 396200                     /lib/x86_64-linux-gnu/libpcre.so.3.13.1
7fc6baf3a000-7fc6bb139000 ---p 0003d000 ca:01 396200                     /lib/x86_64-linux-gnu/libpcre.so.3.13.1
7fc6bb139000-7fc6bb13a000 r--p 0003c000 ca:01 396200                     /lib/x86_64-linux-gnu/libpcre.so.3.13.1
7fc6bb13a000-7fc6bb13b000 rw-p 0003d000 ca:01 396200                     /lib/x86_64-linux-gnu/libpcre.so.3.13.1
7fc6bb13b000-7fc6bb142000 r-xp 00000000 ca:01 8067                       /usr/lib/x86_64-linux-gnu/libffi.so.6.0.1
7fc6bb142000-7fc6bb341000 ---p 00007000 ca:01 8067                       /usr/lib/x86_64-linux-gnu/libffi.so.6.0.1
7fc6bb341000-7fc6bb342000 r--p 00006000 ca:01 8067                       /usr/lib/x86_64-linux-gnu/libffi.so.6.0.1
7fc6bb342000-7fc6bb343000 rw-p 00007000 ca:01 8067                       /usr/lib/x86_64-linux-gnu/libffi.so.6.0.1
7fc6bb343000-7fc6bb35a000 r-xp 00000000 ca:01 396210                     /lib/x86_64-linux-gnu/libresolv-2.19.so
7fc6bb35a000-7fc6bb55a000 ---p 00017000 ca:01 396210                     /lib/x86_64-linux-gnu/libresolv-2.19.so
7fc6bb55a000-7fc6bb55b000 r--p 00017000 ca:01 396210                     /lib/x86_64-linux-gnu/libresolv-2.19.so
7fc6bb55b000-7fc6bb55c000 rw-p 00018000 ca:01 396210                     /lib/x86_64-linux-gnu/libresolv-2.19.so
7fc6bb55c000-7fc6bb55e000 rw-p 00000000 00:00 0 
7fc6bb55e000-7fc6bb57e000 r-xp 00000000 ca:01 396212                     /lib/x86_64-linux-gnu/libselinux.so.1
7fc6bb57e000-7fc6bb77d000 ---p 00020000 ca:01 396212                     /lib/x86_64-linux-gnu/libselinux.so.1
7fc6bb77d000-7fc6bb77e000 r--p 0001f000 ca:01 396212                     /lib/x86_64-linux-gnu/libselinux.so.1
7fc6bb77e000-7fc6bb77f000 rw-p 00020000 ca:01 396212                     /lib/x86_64-linux-gnu/libselinux.so.1
7fc6bb77f000-7fc6bb781000 rw-p 00000000 00:00 0 
7fc6bb781000-7fc6bb784000 r-xp 00000000 ca:01 8079                       /usr/lib/x86_64-linux-gnu/libgmodule-2.0.so.0.4002.0
7fc6bb784000-7fc6bb983000 ---p 00003000 ca:01 8079                       /usr/lib/x86_64-linux-gnu/libgmodule-2.0.so.0.4002.0
7fc6bb983000-7fc6bb984000 r--p 00002000 ca:01 8079                       /usr/lib/x86_64-linux-gnu/libgmodule-2.0.so.0.4002.0
7fc6bb984000-7fc6bb985000 rw-p 00003000 ca:01 8079                       /usr/lib/x86_64-linux-gnu/libgmodule-2.0.so.0.4002.0
7fc6bb985000-7fc6bba8b000 r-xp 00000000 ca:01 396171                     /lib/x86_64-linux-gnu/libglib-2.0.so.0.4002.0
7fc6bba8b000-7fc6bbc8a000 ---p 00106000 ca:01 396171                     /lib/x86_64-linux-gnu/libglib-2.0.so.0.4002.0
7fc6bbc8a000-7fc6bbc8b000 r--p 00105000 ca:01 396171                     /lib/x86_64-linux-gnu/libglib-2.0.so.0.4002.0
7fc6bbc8b000-7fc6bbc8c000 rw-p 00106000 ca:01 396171                     /lib/x86_64-linux-gnu/libglib-2.0.so.0.4002.0
7fc6bbc8c000-7fc6bbc8d000 rw-p 00000000 00:00 0 
7fc6bbc8d000-7fc6bbdf9000 r-xp 00000000 ca:01 8078                       /usr/lib/x86_64-linux-gnu/libgio-2.0.so.0.4002.0
7fc6bbdf9000-7fc6bbff8000 ---p 0016c000 ca:01 8078                       /usr/lib/x86_64-linux-gnu/libgio-2.0.so.0.4002.0
7fc6bbff8000-7fc6bbffc000 r--p 0016b000 ca:01 8078                       /usr/lib/x86_64-linux-gnu/libgio-2.0.so.0.4002.0
7fc6bbffc000-7fc6bbffe000 rw-p 0016f000 ca:01 8078                       /usr/lib/x86_64-linux-gnu/libgio-2.0.so.0.4002.0
7fc6bbffe000-7fc6bc000000 rw-p 00000000 00:00 0 
7fc6bc000000-7fc6bc3af000 rw-p 00000000 00:00 0 
7fc6bc3af000-7fc6c0000000 ---p 00000000 00:00 0 
7fc6c0000000-7fc6c0101000 rw-p 00000000 00:00 0 
7fc6c0101000-7fc6c4000000 ---p 00000000 00:00 0 
7fc6c4000000-7fc6c402c000 rw-p 00000000 00:00 0 
7fc6c402c000-7fc6c8000000 ---p 00000000 00:00 0 
7fc6c8000000-7fc6c8799000 rw-p 00000000 00:00 0 
7fc6c8799000-7fc6cc000000 ---p 00000000 00:00 0 
7fc6cc000000-7fc6cc021000 rw-p 00000000 00:00 0 
7fc6cc021000-7fc6d0000000 ---p 00000000 00:00 0 
7fc6d0000000-7fc6d0021000 rw-p 00000000 00:00 0 
7fc6d0021000-7fc6d4000000 ---p 00000000 00:00 0 
7fc6d4000000-7fc6d4021000 rw-p 00000000 00:00 0 
7fc6d4021000-7fc6d8000000 ---p 00000000 00:00 0 
7fc6d80f5000-7fc6d8144000 r-xp 00000000 ca:01 8083                       /usr/lib/x86_64-linux-gnu/libgobject-2.0.so.0.4002.0
7fc6d8144000-7fc6d8344000 ---p 0004f000 ca:01 8083                       /usr/lib/x86_64-linux-gnu/libgobject-2.0.so.0.4002.0
7fc6d8344000-7fc6d8345000 r--p 0004f000 ca:01 8083                       /usr/lib/x86_64-linux-gnu/libgobject-2.0.so.0.4002.0
7fc6d8345000-7fc6d8346000 rw-p 00050000 ca:01 8083                       /usr/lib/x86_64-linux-gnu/libgobject-2.0.so.0.4002.0
7fc6d8346000-7fc6d835d000 r-xp 00000000 ca:01 151581                     /usr/lib/jvm/java-7-openjdk-amd64/jre/lib/amd64/libnet.so
7fc6d835d000-7fc6d855c000 ---p 00017000 ca:01 151581                     /usr/lib/jvm/java-7-openjdk-amd64/jre/lib/amd64/libnet.so
7fc6d855c000-7fc6d855d000 r--p 00016000 ca:01 151581                     /usr/lib/jvm/java-7-openjdk-amd64/jre/lib/amd64/libnet.so
7fc6d855d000-7fc6d855e000 rw-p 00017000 ca:01 151581                     /usr/lib/jvm/java-7-openjdk-amd64/jre/lib/amd64/libnet.so
7fc6d855e000-7fc6d856e000 r-xp 00000000 ca:01 151585                     /usr/lib/jvm/java-7-openjdk-amd64/jre/lib/amd64/libnio.so
7fc6d856e000-7fc6d876e000 ---p 00010000 ca:01 151585                     /usr/lib/jvm/java-7-openjdk-amd64/jre/lib/amd64/libnio.so
7fc6d876e000-7fc6d876f000 r--p 00010000 ca:01 151585                     /usr/lib/jvm/java-7-openjdk-amd64/jre/lib/amd64/libnio.so
7fc6d876f000-7fc6d8770000 rw-p 00011000 ca:01 151585                     /usr/lib/jvm/java-7-openjdk-amd64/jre/lib/amd64/libnio.so
7fc6d8770000-7fc6d8773000 ---p 00000000 00:00 0 
7fc6d8773000-7fc6d8871000 rw-p 00000000 00:00 0 
7fc6d8871000-7fc6d8872000 ---p 00000000 00:00 0 
7fc6d8872000-7fc6d8972000 rw-p 00000000 00:00 0                          [stack:2630]
7fc6d8972000-7fc6d8975000 ---p 00000000 00:00 0 
7fc6d8975000-7fc6d8a73000 rw-p 00000000 00:00 0                          [stack:2629]
7fc6d8a73000-7fc6d8a76000 ---p 00000000 00:00 0 
7fc6d8a76000-7fc6d8b74000 rw-p 00000000 00:00 0                          [stack:2628]
7fc6d8b74000-7fc6d8b77000 ---p 00000000 00:00 0 
7fc6d8b77000-7fc6d8c75000 rw-p 00000000 00:00 0                          [stack:2627]
7fc6d8c75000-7fc6d8c78000 ---p 00000000 00:00 0 
7fc6d8c78000-7fc6d8d76000 rw-p 00000000 00:00 0                          [stack:2626]
7fc6d8d76000-7fc6d8eff000 r--p 00000000 ca:01 1567                       /usr/lib/locale/locale-archive
7fc6d8eff000-7fc6d8f02000 ---p 00000000 00:00 0 
7fc6d8f02000-7fc6d9000000 rw-p 00000000 00:00 0                          [stack:2625]
7fc6d9000000-7fc6d9270000 rwxp 00000000 00:00 0 
7fc6d9270000-7fc6dc16f000 rw-p 00000000 00:00 0 
7fc6dc16f000-7fc6e0000000 ---p 00000000 00:00 0 
7fc6e0080000-7fc6e008a000 r--s 000ae000 ca:01 151534                     /usr/lib/jvm/java-7-openjdk-amd64/jre/lib/resources.jar
7fc6e008a000-7fc6e008d000 ---p 00000000 00:00 0 
7fc6e008d000-7fc6e018b000 rw-p 00000000 00:00 0                          [stack:2624]
7fc6e018b000-7fc6e018c000 ---p 00000000 00:00 0 
7fc6e018c000-7fc6e02d6000 rw-p 00000000 00:00 0                          [stack:2623]
7fc6e02d6000-7fc6e048c000 r--s 01d63000 ca:01 151537                     /usr/lib/jvm/java-7-openjdk-amd64/jre/lib/rt.jar
7fc6e048c000-7fc6e0568000 rw-p 00000000 00:00 0 
7fc6e0568000-7fc6e05b1000 rw-p 00000000 00:00 0 
7fc6e05b1000-7fc6e05b7000 rw-p 00000000 00:00 0 
7fc6e05b7000-7fc6e0658000 rw-p 00000000 00:00 0 
7fc6e0658000-7fc6e065b000 rw-p 00000000 00:00 0 
7fc6e065b000-7fc6e06ab000 rw-p 00000000 00:00 0 
7fc6e06ab000-7fc6e06b1000 rw-p 00000000 00:00 0 
7fc6e06b1000-7fc6e0751000 rw-p 00000000 00:00 0 
7fc6e0751000-7fc6e075c000 rw-p 00000000 00:00 0 
7fc6e075c000-7fc6e07a4000 rw-p 00000000 00:00 0 
7fc6e07a4000-7fc6e07a5000 rw-p 00000000 00:00 0 
7fc6e07a5000-7fc6e07ad000 r-xp 00000000 ca:01 151595                     /usr/lib/jvm/java-7-openjdk-amd64/jre/lib/amd64/libzip.so
7fc6e07ad000-7fc6e09ac000 ---p 00008000 ca:01 151595                     /usr/lib/jvm/java-7-openjdk-amd64/jre/lib/amd64/libzip.so
7fc6e09ac000-7fc6e09ad000 r--p 00007000 ca:01 151595                     /usr/lib/jvm/java-7-openjdk-amd64/jre/lib/amd64/libzip.so
7fc6e09ad000-7fc6e09ae000 rw-p 00008000 ca:01 151595                     /usr/lib/jvm/java-7-openjdk-amd64/jre/lib/amd64/libzip.so
7fc6e09ae000-7fc6e09b8000 r-xp 00000000 ca:01 396189                     /lib/x86_64-linux-gnu/libnss_files-2.19.so
7fc6e09b8000-7fc6e0bb7000 ---p 0000a000 ca:01 396189                     /lib/x86_64-linux-gnu/libnss_files-2.19.so
7fc6e0bb7000-7fc6e0bb8000 r--p 00009000 ca:01 396189                     /lib/x86_64-linux-gnu/libnss_files-2.19.so
7fc6e0bb8000-7fc6e0bb9000 rw-p 0000a000 ca:01 396189                     /lib/x86_64-linux-gnu/libnss_files-2.19.so
7fc6e0bb9000-7fc6e0bc4000 r-xp 00000000 ca:01 396191                     /lib/x86_64-linux-gnu/libnss_nis-2.19.so
7fc6e0bc4000-7fc6e0dc3000 ---p 0000b000 ca:01 396191                     /lib/x86_64-linux-gnu/libnss_nis-2.19.so
7fc6e0dc3000-7fc6e0dc4000 r--p 0000a000 ca:01 396191                     /lib/x86_64-linux-gnu/libnss_nis-2.19.so
7fc6e0dc4000-7fc6e0dc5000 rw-p 0000b000 ca:01 396191                     /lib/x86_64-linux-gnu/libnss_nis-2.19.so
7fc6e0dc5000-7fc6e0ddc000 r-xp 00000000 ca:01 396186                     /lib/x86_64-linux-gnu/libnsl-2.19.so
7fc6e0ddc000-7fc6e0fdb000 ---p 00017000 ca:01 396186                     /lib/x86_64-linux-gnu/libnsl-2.19.so
7fc6e0fdb000-7fc6e0fdc000 r--p 00016000 ca:01 396186                     /lib/x86_64-linux-gnu/libnsl-2.19.so
7fc6e0fdc000-7fc6e0fdd000 rw-p 00017000 ca:01 396186                     /lib/x86_64-linux-gnu/libnsl-2.19.so
7fc6e0fdd000-7fc6e0fdf000 rw-p 00000000 00:00 0 
7fc6e0fdf000-7fc6e0fe8000 r-xp 00000000 ca:01 396187                     /lib/x86_64-linux-gnu/libnss_compat-2.19.so
7fc6e0fe8000-7fc6e11e7000 ---p 00009000 ca:01 396187                     /lib/x86_64-linux-gnu/libnss_compat-2.19.so
7fc6e11e7000-7fc6e11e8000 r--p 00008000 ca:01 396187                     /lib/x86_64-linux-gnu/libnss_compat-2.19.so
7fc6e11e8000-7fc6e11e9000 rw-p 00009000 ca:01 396187                     /lib/x86_64-linux-gnu/libnss_compat-2.19.so
7fc6e11e9000-7fc6e1213000 r-xp 00000000 ca:01 151580                     /usr/lib/jvm/java-7-openjdk-amd64/jre/lib/amd64/libjava.so
7fc6e1213000-7fc6e1413000 ---p 0002a000 ca:01 151580                     /usr/lib/jvm/java-7-openjdk-amd64/jre/lib/amd64/libjava.so
7fc6e1413000-7fc6e1414000 r--p 0002a000 ca:01 151580                     /usr/lib/jvm/java-7-openjdk-amd64/jre/lib/amd64/libjava.so
7fc6e1414000-7fc6e1416000 rw-p 0002b000 ca:01 151580                     /usr/lib/jvm/java-7-openjdk-amd64/jre/lib/amd64/libjava.so
7fc6e1416000-7fc6e1426000 r-xp 00000000 ca:01 151573                     /usr/lib/jvm/java-7-openjdk-amd64/jre/lib/amd64/libverify.so
7fc6e1426000-7fc6e1625000 ---p 00010000 ca:01 151573                     /usr/lib/jvm/java-7-openjdk-amd64/jre/lib/amd64/libverify.so
7fc6e1625000-7fc6e1627000 r--p 0000f000 ca:01 151573                     /usr/lib/jvm/java-7-openjdk-amd64/jre/lib/amd64/libverify.so
7fc6e1627000-7fc6e1628000 rw-p 00011000 ca:01 151573                     /usr/lib/jvm/java-7-openjdk-amd64/jre/lib/amd64/libverify.so
7fc6e1628000-7fc6e162f000 r-xp 00000000 ca:01 396211                     /lib/x86_64-linux-gnu/librt-2.19.so
7fc6e162f000-7fc6e182e000 ---p 00007000 ca:01 396211                     /lib/x86_64-linux-gnu/librt-2.19.so
7fc6e182e000-7fc6e182f000 r--p 00006000 ca:01 396211                     /lib/x86_64-linux-gnu/librt-2.19.so
7fc6e182f000-7fc6e1830000 rw-p 00007000 ca:01 396211                     /lib/x86_64-linux-gnu/librt-2.19.so
7fc6e1830000-7fc6e1846000 r-xp 00000000 ca:01 396169                     /lib/x86_64-linux-gnu/libgcc_s.so.1
7fc6e1846000-7fc6e1a45000 ---p 00016000 ca:01 396169                     /lib/x86_64-linux-gnu/libgcc_s.so.1
7fc6e1a45000-7fc6e1a46000 rw-p 00015000 ca:01 396169                     /lib/x86_64-linux-gnu/libgcc_s.so.1
7fc6e1a46000-7fc6e1b4b000 r-xp 00000000 ca:01 396178                     /lib/x86_64-linux-gnu/libm-2.19.so
7fc6e1b4b000-7fc6e1d4a000 ---p 00105000 ca:01 396178                     /lib/x86_64-linux-gnu/libm-2.19.so
7fc6e1d4a000-7fc6e1d4b000 r--p 00104000 ca:01 396178                     /lib/x86_64-linux-gnu/libm-2.19.so
7fc6e1d4b000-7fc6e1d4c000 rw-p 00105000 ca:01 396178                     /lib/x86_64-linux-gnu/libm-2.19.so
7fc6e1d4c000-7fc6e1e32000 r-xp 00000000 ca:01 8131                       /usr/lib/x86_64-linux-gnu/libstdc++.so.6.0.19
7fc6e1e32000-7fc6e2031000 ---p 000e6000 ca:01 8131                       /usr/lib/x86_64-linux-gnu/libstdc++.so.6.0.19
7fc6e2031000-7fc6e2039000 r--p 000e5000 ca:01 8131                       /usr/lib/x86_64-linux-gnu/libstdc++.so.6.0.19
7fc6e2039000-7fc6e203b000 rw-p 000ed000 ca:01 8131                       /usr/lib/x86_64-linux-gnu/libstdc++.so.6.0.19
7fc6e203b000-7fc6e2050000 rw-p 00000000 00:00 0 
7fc6e2050000-7fc6e2b84000 r-xp 00000000 ca:01 151584                     /usr/lib/jvm/java-7-openjdk-amd64/jre/lib/amd64/server/libjvm.so
7fc6e2b84000-7fc6e2d84000 ---p 00b34000 ca:01 151584                     /usr/lib/jvm/java-7-openjdk-amd64/jre/lib/amd64/server/libjvm.so
7fc6e2d84000-7fc6e2e1f000 r--p 00b34000 ca:01 151584                     /usr/lib/jvm/java-7-openjdk-amd64/jre/lib/amd64/server/libjvm.so
7fc6e2e1f000-7fc6e2e42000 rw-p 00bcf000 ca:01 151584                     /usr/lib/jvm/java-7-openjdk-amd64/jre/lib/amd64/server/libjvm.so
7fc6e2e42000-7fc6e2e72000 rw-p 00000000 00:00 0 
7fc6e2e72000-7fc6e2e8a000 r-xp 00000000 ca:01 396228                     /lib/x86_64-linux-gnu/libz.so.1.2.8
7fc6e2e8a000-7fc6e3089000 ---p 00018000 ca:01 396228                     /lib/x86_64-linux-gnu/libz.so.1.2.8
7fc6e3089000-7fc6e308a000 r--p 00017000 ca:01 396228                     /lib/x86_64-linux-gnu/libz.so.1.2.8
7fc6e308a000-7fc6e308b000 rw-p 00018000 ca:01 396228                     /lib/x86_64-linux-gnu/libz.so.1.2.8
7fc6e308b000-7fc6e30a4000 r-xp 00000000 ca:01 396208                     /lib/x86_64-linux-gnu/libpthread-2.19.so
7fc6e30a4000-7fc6e32a3000 ---p 00019000 ca:01 396208                     /lib/x86_64-linux-gnu/libpthread-2.19.so
7fc6e32a3000-7fc6e32a4000 r--p 00018000 ca:01 396208                     /lib/x86_64-linux-gnu/libpthread-2.19.so
7fc6e32a4000-7fc6e32a5000 rw-p 00019000 ca:01 396208                     /lib/x86_64-linux-gnu/libpthread-2.19.so
7fc6e32a5000-7fc6e32a9000 rw-p 00000000 00:00 0 
7fc6e32a9000-7fc6e32ac000 r-xp 00000000 ca:01 396164                     /lib/x86_64-linux-gnu/libdl-2.19.so
7fc6e32ac000-7fc6e34ab000 ---p 00003000 ca:01 396164                     /lib/x86_64-linux-gnu/libdl-2.19.so
7fc6e34ab000-7fc6e34ac000 r--p 00002000 ca:01 396164                     /lib/x86_64-linux-gnu/libdl-2.19.so
7fc6e34ac000-7fc6e34ad000 rw-p 00003000 ca:01 396164                     /lib/x86_64-linux-gnu/libdl-2.19.so
7fc6e34ad000-7fc6e366b000 r-xp 00000000 ca:01 396155                     /lib/x86_64-linux-gnu/libc-2.19.so
7fc6e366b000-7fc6e386b000 ---p 001be000 ca:01 396155                     /lib/x86_64-linux-gnu/libc-2.19.so
7fc6e386b000-7fc6e386f000 r--p 001be000 ca:01 396155                     /lib/x86_64-linux-gnu/libc-2.19.so
7fc6e386f000-7fc6e3871000 rw-p 001c2000 ca:01 396155                     /lib/x86_64-linux-gnu/libc-2.19.so
7fc6e3871000-7fc6e3876000 rw-p 00000000 00:00 0 
7fc6e3876000-7fc6e3883000 r-xp 00000000 ca:01 151564                     /usr/lib/jvm/java-7-openjdk-amd64/jre/lib/amd64/jli/libjli.so
7fc6e3883000-7fc6e3a82000 ---p 0000d000 ca:01 151564                     /usr/lib/jvm/java-7-openjdk-amd64/jre/lib/amd64/jli/libjli.so
7fc6e3a82000-7fc6e3a83000 r--p 0000c000 ca:01 151564                     /usr/lib/jvm/java-7-openjdk-amd64/jre/lib/amd64/jli/libjli.so
7fc6e3a83000-7fc6e3a84000 rw-p 0000d000 ca:01 151564                     /usr/lib/jvm/java-7-openjdk-amd64/jre/lib/amd64/jli/libjli.so
7fc6e3a84000-7fc6e3aa7000 r-xp 00000000 ca:01 396144                     /lib/x86_64-linux-gnu/ld-2.19.so
7fc6e3aad000-7fc6e3ab1000 r--s 00050000 ca:01 151603                     /usr/lib/jvm/java-7-openjdk-amd64/jre/lib/jsse.jar
7fc6e3ab1000-7fc6e3ac0000 r--s 000b4000 ca:01 305836                     /home/ubuntu/gabriel/server/gabriel/lib/gabriel_upnp_server.jar
7fc6e3ac0000-7fc6e3ac4000 r--s 00085000 ca:01 151598                     /usr/lib/jvm/java-7-openjdk-amd64/jre/lib/ext/localedata.jar
7fc6e3ac4000-7fc6e3ac8000 r--s 00034000 ca:01 151601                     /usr/lib/jvm/java-7-openjdk-amd64/jre/lib/ext/sunjce_provider.jar
7fc6e3ac8000-7fc6e3ad2000 rw-p 00000000 00:00 0 
7fc6e3ad2000-7fc6e3b88000 rw-p 00000000 00:00 0 
7fc6e3b88000-7fc6e3b8b000 ---p 00000000 00:00 0 
7fc6e3b8b000-7fc6e3c8e000 rw-p 00000000 00:00 0                          [stack:2620]
7fc6e3c8f000-7fc6e3c91000 r--s 00006000 ca:01 28547                      /usr/share/java/java-atk-wrapper.jar
7fc6e3c91000-7fc6e3c93000 r--s 00012000 ca:01 151599                     /usr/lib/jvm/java-7-openjdk-amd64/jre/lib/ext/zipfs.jar
7fc6e3c93000-7fc6e3c96000 r--s 0000f000 ca:01 151600                     /usr/lib/jvm/java-7-openjdk-amd64/jre/lib/ext/icedtea-sound.jar
7fc6e3c96000-7fc6e3c99000 r--s 0003d000 ca:01 151597                     /usr/lib/jvm/java-7-openjdk-amd64/jre/lib/ext/sunpkcs11.jar
7fc6e3c99000-7fc6e3c9a000 r--s 00002000 ca:01 151596                     /usr/lib/jvm/java-7-openjdk-amd64/jre/lib/ext/dnsns.jar
7fc6e3c9a000-7fc6e3ca2000 rw-s 00000000 ca:01 42012                      /tmp/hsperfdata_ubuntu/2610
7fc6e3ca2000-7fc6e3ca3000 rw-p 00000000 00:00 0 
7fc6e3ca3000-7fc6e3ca4000 ---p 00000000 00:00 0 
7fc6e3ca4000-7fc6e3ca6000 rw-p 00000000 00:00 0 
7fc6e3ca6000-7fc6e3ca7000 r--p 00022000 ca:01 396144                     /lib/x86_64-linux-gnu/ld-2.19.so
7fc6e3ca7000-7fc6e3ca8000 rw-p 00023000 ca:01 396144                     /lib/x86_64-linux-gnu/ld-2.19.so
7fc6e3ca8000-7fc6e3ca9000 rw-p 00000000 00:00 0 
7ffed665b000-7ffed667c000 rw-p 00000000 00:00 0                          [stack]
7ffed6710000-7ffed6712000 r-xp 00000000 00:00 0                          [vdso]
ffffffffff600000-ffffffffff601000 r-xp 00000000 00:00 0                  [vsyscall]

VM Arguments:
java_command: /home/ubuntu/gabriel/server/gabriel/lib/gabriel_upnp_server.jar
Launcher Type: SUN_STANDARD

Environment Variables:
PATH=/usr/local/sbin:/usr/local/bin:/usr/sbin:/usr/bin:/sbin:/bin:/usr/games:/usr/local/games
SHELL=/bin/bash
DISPLAY=localhost:10.0

Signal Handlers:
SIGSEGV: [libjvm.so+0x963630], sa_mask[0]=0x7ffbfeff, sa_flags=0x10000004
SIGBUS: [libjvm.so+0x963630], sa_mask[0]=0x7ffbfeff, sa_flags=0x10000004
SIGFPE: [libjvm.so+0x7d5da0], sa_mask[0]=0x7ffbfeff, sa_flags=0x10000004
SIGPIPE: [libjvm.so+0x7d5da0], sa_mask[0]=0x7ffbfeff, sa_flags=0x10000004
SIGXFSZ: [libjvm.so+0x7d5da0], sa_mask[0]=0x7ffbfeff, sa_flags=0x10000004
SIGILL: [libjvm.so+0x7d5da0], sa_mask[0]=0x7ffbfeff, sa_flags=0x10000004
SIGUSR1: SIG_DFL, sa_mask[0]=0x00000000, sa_flags=0x00000000
SIGUSR2: [libjvm.so+0x7d5ed0], sa_mask[0]=0x00000000, sa_flags=0x10000004
SIGHUP: [libjvm.so+0x7d5e20], sa_mask[0]=0x7ffbfeff, sa_flags=0x10000004
SIGINT: [libjvm.so+0x7d5e20], sa_mask[0]=0x7ffbfeff, sa_flags=0x10000004
SIGTERM: [libjvm.so+0x7d5e20], sa_mask[0]=0x7ffbfeff, sa_flags=0x10000004
SIGQUIT: [libjvm.so+0x7d5e20], sa_mask[0]=0x7ffbfeff, sa_flags=0x10000004
SIGTRAP: SIG_DFL, sa_mask[0]=0x00000000, sa_flags=0x00000000


---------------  S Y S T E M  ---------------

OS:Ubuntu 14.04 (trusty)
uname:Linux 3.13.0-125-generic #174-Ubuntu SMP Mon Jul 10 18:51:24 UTC 2017 x86_64
libc:glibc 2.19 NPTL 2.19 
rlimit: STACK 8192k, CORE 0k, NPROC 7828, NOFILE 4096, AS infinity
load average:13.85 10.15 5.69

/proc/meminfo:
MemTotal:        1016284 kB
MemFree:           53332 kB
Buffers:             116 kB
Cached:            21664 kB
SwapCached:            0 kB
Active:           860960 kB
Inactive:          19412 kB
Active(anon):     859360 kB
Inactive(anon):    14560 kB
Active(file):       1600 kB
Inactive(file):     4852 kB
Unevictable:           0 kB
Mlocked:               0 kB
SwapTotal:             0 kB
SwapFree:              0 kB
Dirty:                60 kB
Writeback:             0 kB
AnonPages:        858680 kB
Mapped:            18428 kB
Shmem:             15240 kB
Slab:              36812 kB
SReclaimable:      14344 kB
SUnreclaim:        22468 kB
KernelStack:        3432 kB
PageTables:        26444 kB
NFS_Unstable:          0 kB
Bounce:                0 kB
WritebackTmp:          0 kB
CommitLimit:      508140 kB
Committed_AS:    3118648 kB
VmallocTotal:   34359738367 kB
VmallocUsed:        5056 kB
VmallocChunk:   34359724780 kB
HardwareCorrupted:     0 kB
AnonHugePages:    184320 kB
HugePages_Total:       0
HugePages_Free:        0
HugePages_Rsvd:        0
HugePages_Surp:        0
Hugepagesize:       2048 kB
DirectMap4k:       34816 kB
DirectMap2M:     1144832 kB


CPU:total 1 (initial active 1) (1 cores per cpu, 1 threads per core) family 6 model 63 stepping 2, cmov, cx8, fxsr, mmx, sse, sse2, sse3, ssse3, sse4.1, sse4.2, popcnt, avx, avx2, aes, erms, tsc

/proc/cpuinfo:
processor	: 0
vendor_id	: GenuineIntel
cpu family	: 6
model		: 63
model name	: Intel(R) Xeon(R) CPU E5-2676 v3 @ 2.40GHz
stepping	: 2
microcode	: 0x36
cpu MHz		: 2400.092
cache size	: 30720 KB
physical id	: 0
siblings	: 1
core id		: 0
cpu cores	: 1
apicid		: 0
initial apicid	: 0
fpu		: yes
fpu_exception	: yes
cpuid level	: 13
wp		: yes
flags		: fpu vme de pse tsc msr pae mce cx8 apic sep mtrr pge mca cmov pat pse36 clflush mmx fxsr sse sse2 ht syscall nx rdtscp lm constant_tsc rep_good nopl xtopology eagerfpu pni pclmulqdq ssse3 fma cx16 pcid sse4_1 sse4_2 x2apic movbe popcnt tsc_deadline_timer aes xsave avx f16c rdrand hypervisor lahf_lm abm xsaveopt fsgsbase bmi1 avx2 smep bmi2 erms invpcid
bogomips	: 4800.18
clflush size	: 64
cache_alignment	: 64
address sizes	: 46 bits physical, 48 bits virtual
power management:



Memory: 4k page, physical 1016284k(53332k free), swap 0k(0k free)

vm_info: OpenJDK 64-Bit Server VM (24.151-b01) for linux-amd64 JRE (1.7.0_151-b01), built on Aug 15 2017 05:35:24 by "buildd" with gcc 4.8.4

time: Fri Aug 25 15:43:43 2017
elapsed time: 11889 seconds

